<?xml version="1.0" encoding="UTF-8"?>
<testsuite xmlns:xsi="http://www.w3.org/2001/XMLSchema-instance" xsi:noNamespaceSchemaLocation="https://maven.apache.org/surefire/maven-surefire-plugin/xsd/surefire-test-report-3.0.xsd" version="3.0" name="TestSuite" time="66.059" tests="3" errors="0" skipped="0" failures="0">
  <properties>
    <property name="gopherProxySet" value="false"/>
    <property name="awt.toolkit" value="sun.lwawt.macosx.LWCToolkit"/>
    <property name="file.encoding.pkg" value="sun.io"/>
    <property name="java.specification.version" value="1.8"/>
    <property name="webdriver.chrome.driver" value="/Users/kamaljhinjer/Documents/Mac_Coding/WebAppAutomation/src/chromedriver/chromedriver"/>
    <property name="sun.cpu.isalist" value=""/>
    <property name="sun.jnu.encoding" value="UTF-8"/>
    <property name="java.class.path" value="/Users/kamaljhinjer/Documents/Mac_Coding/WebAppAutomation/target/test-classes:/Users/kamaljhinjer/Documents/Mac_Coding/WebAppAutomation/target/classes:/Users/kamaljhinjer/.m2/repository/org/seleniumhq/selenium/selenium-java/3.141.59/selenium-java-3.141.59.jar:/Users/kamaljhinjer/.m2/repository/org/seleniumhq/selenium/selenium-api/3.141.59/selenium-api-3.141.59.jar:/Users/kamaljhinjer/.m2/repository/org/seleniumhq/selenium/selenium-chrome-driver/3.141.59/selenium-chrome-driver-3.141.59.jar:/Users/kamaljhinjer/.m2/repository/org/seleniumhq/selenium/selenium-edge-driver/3.141.59/selenium-edge-driver-3.141.59.jar:/Users/kamaljhinjer/.m2/repository/org/seleniumhq/selenium/selenium-firefox-driver/3.141.59/selenium-firefox-driver-3.141.59.jar:/Users/kamaljhinjer/.m2/repository/org/seleniumhq/selenium/selenium-ie-driver/3.141.59/selenium-ie-driver-3.141.59.jar:/Users/kamaljhinjer/.m2/repository/org/seleniumhq/selenium/selenium-opera-driver/3.141.59/selenium-opera-driver-3.141.59.jar:/Users/kamaljhinjer/.m2/repository/org/seleniumhq/selenium/selenium-remote-driver/3.141.59/selenium-remote-driver-3.141.59.jar:/Users/kamaljhinjer/.m2/repository/org/seleniumhq/selenium/selenium-safari-driver/3.141.59/selenium-safari-driver-3.141.59.jar:/Users/kamaljhinjer/.m2/repository/org/seleniumhq/selenium/selenium-support/3.141.59/selenium-support-3.141.59.jar:/Users/kamaljhinjer/.m2/repository/net/bytebuddy/byte-buddy/1.8.15/byte-buddy-1.8.15.jar:/Users/kamaljhinjer/.m2/repository/org/apache/commons/commons-exec/1.3/commons-exec-1.3.jar:/Users/kamaljhinjer/.m2/repository/com/google/guava/guava/25.0-jre/guava-25.0-jre.jar:/Users/kamaljhinjer/.m2/repository/com/google/code/findbugs/jsr305/1.3.9/jsr305-1.3.9.jar:/Users/kamaljhinjer/.m2/repository/org/checkerframework/checker-compat-qual/2.0.0/checker-compat-qual-2.0.0.jar:/Users/kamaljhinjer/.m2/repository/com/google/errorprone/error_prone_annotations/2.1.3/error_prone_annotations-2.1.3.jar:/Users/kamaljhinjer/.m2/repository/com/google/j2objc/j2objc-annotations/1.1/j2objc-annotations-1.1.jar:/Users/kamaljhinjer/.m2/repository/org/codehaus/mojo/animal-sniffer-annotations/1.14/animal-sniffer-annotations-1.14.jar:/Users/kamaljhinjer/.m2/repository/com/squareup/okhttp3/okhttp/3.11.0/okhttp-3.11.0.jar:/Users/kamaljhinjer/.m2/repository/com/squareup/okio/okio/1.14.0/okio-1.14.0.jar:/Users/kamaljhinjer/.m2/repository/org/testng/testng/7.3.0/testng-7.3.0.jar:/Users/kamaljhinjer/.m2/repository/com/beust/jcommander/1.78/jcommander-1.78.jar:/Users/kamaljhinjer/.m2/repository/org/apache/ant/ant/1.10.3/ant-1.10.3.jar:/Users/kamaljhinjer/.m2/repository/org/apache/ant/ant-launcher/1.10.3/ant-launcher-1.10.3.jar:/Users/kamaljhinjer/.m2/repository/junit/junit/4.12/junit-4.12.jar:/Users/kamaljhinjer/.m2/repository/org/hamcrest/hamcrest-core/1.3/hamcrest-core-1.3.jar:/Users/kamaljhinjer/.m2/repository/com/google/inject/guice/4.2.2/guice-4.2.2-no_aop.jar:/Users/kamaljhinjer/.m2/repository/javax/inject/javax.inject/1/javax.inject-1.jar:/Users/kamaljhinjer/.m2/repository/aopalliance/aopalliance/1.0/aopalliance-1.0.jar:/Users/kamaljhinjer/.m2/repository/org/yaml/snakeyaml/1.21/snakeyaml-1.21.jar:/Users/kamaljhinjer/.m2/repository/com/aventstack/extentreports/4.0.0/extentreports-4.0.0.jar:/Users/kamaljhinjer/.m2/repository/org/freemarker/freemarker/2.3.23/freemarker-2.3.23.jar:/Users/kamaljhinjer/.m2/repository/org/mongodb/mongodb-driver/3.3.0/mongodb-driver-3.3.0.jar:/Users/kamaljhinjer/.m2/repository/org/mongodb/mongodb-driver-core/3.3.0/mongodb-driver-core-3.3.0.jar:/Users/kamaljhinjer/.m2/repository/org/mongodb/bson/3.3.0/bson-3.3.0.jar:/Users/kamaljhinjer/.m2/repository/org/apache/httpcomponents/httpclient/4.5.2/httpclient-4.5.2.jar:/Users/kamaljhinjer/.m2/repository/org/apache/httpcomponents/httpcore/4.4.4/httpcore-4.4.4.jar:/Users/kamaljhinjer/.m2/repository/commons-logging/commons-logging/1.2/commons-logging-1.2.jar:/Users/kamaljhinjer/.m2/repository/commons-codec/commons-codec/1.9/commons-codec-1.9.jar:/Users/kamaljhinjer/.m2/repository/org/apache/httpcomponents/httpmime/4.5.2/httpmime-4.5.2.jar:/Users/kamaljhinjer/.m2/repository/com/google/code/gson/gson/2.8.5/gson-2.8.5.jar:"/>
    <property name="java.vm.vendor" value="Amazon.com Inc."/>
    <property name="sun.arch.data.model" value="64"/>
    <property name="java.vendor.url" value="https://aws.amazon.com/corretto/"/>
    <property name="user.timezone" value="Asia/Kolkata"/>
    <property name="java.vm.specification.version" value="1.8"/>
    <property name="os.name" value="Mac OS X"/>
    <property name="user.country" value="IN"/>
    <property name="sun.java.launcher" value="SUN_STANDARD"/>
    <property name="sun.boot.library.path" value="/Users/kamaljhinjer/Library/Java/JavaVirtualMachines/corretto-1.8.0_292/Contents/Home/jre/lib"/>
    <property name="sun.java.command" value="/Users/kamaljhinjer/Documents/Mac_Coding/WebAppAutomation/target/surefire/surefirebooter2189730548211144219.jar /Users/kamaljhinjer/Documents/Mac_Coding/WebAppAutomation/target/surefire 2022-08-31T16-09-30_600-jvmRun1 surefire2900628527081329955tmp surefire_04508326544360676420tmp"/>
    <property name="http.nonProxyHosts" value="local|*.local|169.254/16|*.169.254/16"/>
    <property name="surefire.test.class.path" value="/Users/kamaljhinjer/Documents/Mac_Coding/WebAppAutomation/target/test-classes:/Users/kamaljhinjer/Documents/Mac_Coding/WebAppAutomation/target/classes:/Users/kamaljhinjer/.m2/repository/org/seleniumhq/selenium/selenium-java/3.141.59/selenium-java-3.141.59.jar:/Users/kamaljhinjer/.m2/repository/org/seleniumhq/selenium/selenium-api/3.141.59/selenium-api-3.141.59.jar:/Users/kamaljhinjer/.m2/repository/org/seleniumhq/selenium/selenium-chrome-driver/3.141.59/selenium-chrome-driver-3.141.59.jar:/Users/kamaljhinjer/.m2/repository/org/seleniumhq/selenium/selenium-edge-driver/3.141.59/selenium-edge-driver-3.141.59.jar:/Users/kamaljhinjer/.m2/repository/org/seleniumhq/selenium/selenium-firefox-driver/3.141.59/selenium-firefox-driver-3.141.59.jar:/Users/kamaljhinjer/.m2/repository/org/seleniumhq/selenium/selenium-ie-driver/3.141.59/selenium-ie-driver-3.141.59.jar:/Users/kamaljhinjer/.m2/repository/org/seleniumhq/selenium/selenium-opera-driver/3.141.59/selenium-opera-driver-3.141.59.jar:/Users/kamaljhinjer/.m2/repository/org/seleniumhq/selenium/selenium-remote-driver/3.141.59/selenium-remote-driver-3.141.59.jar:/Users/kamaljhinjer/.m2/repository/org/seleniumhq/selenium/selenium-safari-driver/3.141.59/selenium-safari-driver-3.141.59.jar:/Users/kamaljhinjer/.m2/repository/org/seleniumhq/selenium/selenium-support/3.141.59/selenium-support-3.141.59.jar:/Users/kamaljhinjer/.m2/repository/net/bytebuddy/byte-buddy/1.8.15/byte-buddy-1.8.15.jar:/Users/kamaljhinjer/.m2/repository/org/apache/commons/commons-exec/1.3/commons-exec-1.3.jar:/Users/kamaljhinjer/.m2/repository/com/google/guava/guava/25.0-jre/guava-25.0-jre.jar:/Users/kamaljhinjer/.m2/repository/com/google/code/findbugs/jsr305/1.3.9/jsr305-1.3.9.jar:/Users/kamaljhinjer/.m2/repository/org/checkerframework/checker-compat-qual/2.0.0/checker-compat-qual-2.0.0.jar:/Users/kamaljhinjer/.m2/repository/com/google/errorprone/error_prone_annotations/2.1.3/error_prone_annotations-2.1.3.jar:/Users/kamaljhinjer/.m2/repository/com/google/j2objc/j2objc-annotations/1.1/j2objc-annotations-1.1.jar:/Users/kamaljhinjer/.m2/repository/org/codehaus/mojo/animal-sniffer-annotations/1.14/animal-sniffer-annotations-1.14.jar:/Users/kamaljhinjer/.m2/repository/com/squareup/okhttp3/okhttp/3.11.0/okhttp-3.11.0.jar:/Users/kamaljhinjer/.m2/repository/com/squareup/okio/okio/1.14.0/okio-1.14.0.jar:/Users/kamaljhinjer/.m2/repository/org/testng/testng/7.3.0/testng-7.3.0.jar:/Users/kamaljhinjer/.m2/repository/com/beust/jcommander/1.78/jcommander-1.78.jar:/Users/kamaljhinjer/.m2/repository/org/apache/ant/ant/1.10.3/ant-1.10.3.jar:/Users/kamaljhinjer/.m2/repository/org/apache/ant/ant-launcher/1.10.3/ant-launcher-1.10.3.jar:/Users/kamaljhinjer/.m2/repository/junit/junit/4.12/junit-4.12.jar:/Users/kamaljhinjer/.m2/repository/org/hamcrest/hamcrest-core/1.3/hamcrest-core-1.3.jar:/Users/kamaljhinjer/.m2/repository/com/google/inject/guice/4.2.2/guice-4.2.2-no_aop.jar:/Users/kamaljhinjer/.m2/repository/javax/inject/javax.inject/1/javax.inject-1.jar:/Users/kamaljhinjer/.m2/repository/aopalliance/aopalliance/1.0/aopalliance-1.0.jar:/Users/kamaljhinjer/.m2/repository/org/yaml/snakeyaml/1.21/snakeyaml-1.21.jar:/Users/kamaljhinjer/.m2/repository/com/aventstack/extentreports/4.0.0/extentreports-4.0.0.jar:/Users/kamaljhinjer/.m2/repository/org/freemarker/freemarker/2.3.23/freemarker-2.3.23.jar:/Users/kamaljhinjer/.m2/repository/org/mongodb/mongodb-driver/3.3.0/mongodb-driver-3.3.0.jar:/Users/kamaljhinjer/.m2/repository/org/mongodb/mongodb-driver-core/3.3.0/mongodb-driver-core-3.3.0.jar:/Users/kamaljhinjer/.m2/repository/org/mongodb/bson/3.3.0/bson-3.3.0.jar:/Users/kamaljhinjer/.m2/repository/org/apache/httpcomponents/httpclient/4.5.2/httpclient-4.5.2.jar:/Users/kamaljhinjer/.m2/repository/org/apache/httpcomponents/httpcore/4.4.4/httpcore-4.4.4.jar:/Users/kamaljhinjer/.m2/repository/commons-logging/commons-logging/1.2/commons-logging-1.2.jar:/Users/kamaljhinjer/.m2/repository/commons-codec/commons-codec/1.9/commons-codec-1.9.jar:/Users/kamaljhinjer/.m2/repository/org/apache/httpcomponents/httpmime/4.5.2/httpmime-4.5.2.jar:/Users/kamaljhinjer/.m2/repository/com/google/code/gson/gson/2.8.5/gson-2.8.5.jar:"/>
    <property name="sun.cpu.endian" value="little"/>
    <property name="user.home" value="/Users/kamaljhinjer"/>
    <property name="user.language" value="en"/>
    <property name="java.specification.vendor" value="Oracle Corporation"/>
    <property name="java.home" value="/Users/kamaljhinjer/Library/Java/JavaVirtualMachines/corretto-1.8.0_292/Contents/Home/jre"/>
    <property name="basedir" value="/Users/kamaljhinjer/Documents/Mac_Coding/WebAppAutomation"/>
    <property name="file.separator" value="/"/>
    <property name="line.separator" value="&#10;"/>
    <property name="java.vm.specification.vendor" value="Oracle Corporation"/>
    <property name="java.specification.name" value="Java Platform API Specification"/>
    <property name="java.awt.graphicsenv" value="sun.awt.CGraphicsEnvironment"/>
    <property name="surefire.real.class.path" value="/Users/kamaljhinjer/Documents/Mac_Coding/WebAppAutomation/target/surefire/surefirebooter2189730548211144219.jar"/>
    <property name="sun.boot.class.path" value="/Users/kamaljhinjer/Library/Java/JavaVirtualMachines/corretto-1.8.0_292/Contents/Home/jre/lib/resources.jar:/Users/kamaljhinjer/Library/Java/JavaVirtualMachines/corretto-1.8.0_292/Contents/Home/jre/lib/rt.jar:/Users/kamaljhinjer/Library/Java/JavaVirtualMachines/corretto-1.8.0_292/Contents/Home/jre/lib/sunrsasign.jar:/Users/kamaljhinjer/Library/Java/JavaVirtualMachines/corretto-1.8.0_292/Contents/Home/jre/lib/jsse.jar:/Users/kamaljhinjer/Library/Java/JavaVirtualMachines/corretto-1.8.0_292/Contents/Home/jre/lib/jce.jar:/Users/kamaljhinjer/Library/Java/JavaVirtualMachines/corretto-1.8.0_292/Contents/Home/jre/lib/charsets.jar:/Users/kamaljhinjer/Library/Java/JavaVirtualMachines/corretto-1.8.0_292/Contents/Home/jre/lib/jfr.jar:/Users/kamaljhinjer/Library/Java/JavaVirtualMachines/corretto-1.8.0_292/Contents/Home/jre/classes"/>
    <property name="sun.management.compiler" value="HotSpot 64-Bit Tiered Compilers"/>
    <property name="ftp.nonProxyHosts" value="local|*.local|169.254/16|*.169.254/16"/>
    <property name="java.runtime.version" value="1.8.0_292-b10"/>
    <property name="user.name" value="kamaljhinjer"/>
    <property name="path.separator" value=":"/>
    <property name="os.version" value="10.16"/>
    <property name="java.endorsed.dirs" value="/Users/kamaljhinjer/Library/Java/JavaVirtualMachines/corretto-1.8.0_292/Contents/Home/jre/lib/endorsed"/>
    <property name="java.runtime.name" value="OpenJDK Runtime Environment"/>
    <property name="file.encoding" value="UTF-8"/>
    <property name="java.vm.name" value="OpenJDK 64-Bit Server VM"/>
    <property name="localRepository" value="/Users/kamaljhinjer/.m2/repository"/>
    <property name="java.vendor.url.bug" value="https://github.com/corretto/corretto-8/issues/"/>
    <property name="java.io.tmpdir" value="/var/folders/4f/ggkjk46s0lj0y4w1yj8mpmm00000gn/T/"/>
    <property name="java.version" value="1.8.0_292"/>
    <property name="user.dir" value="/Users/kamaljhinjer/Documents/Mac_Coding/WebAppAutomation"/>
    <property name="os.arch" value="x86_64"/>
    <property name="java.vm.specification.name" value="Java Virtual Machine Specification"/>
    <property name="java.awt.printerjob" value="sun.lwawt.macosx.CPrinterJob"/>
    <property name="sun.os.patch.level" value="unknown"/>
    <property name="java.library.path" value="/Users/kamaljhinjer/Library/Java/Extensions:/Library/Java/Extensions:/Network/Library/Java/Extensions:/System/Library/Java/Extensions:/usr/lib/java:."/>
    <property name="java.vm.info" value="mixed mode"/>
    <property name="java.vendor" value="Amazon.com Inc."/>
    <property name="java.vm.version" value="25.292-b10"/>
    <property name="java.ext.dirs" value="/Users/kamaljhinjer/Library/Java/Extensions:/Users/kamaljhinjer/Library/Java/JavaVirtualMachines/corretto-1.8.0_292/Contents/Home/jre/lib/ext:/Library/Java/Extensions:/Network/Library/Java/Extensions:/System/Library/Java/Extensions:/usr/lib/java"/>
    <property name="sun.io.unicode.encoding" value="UnicodeBig"/>
    <property name="java.class.version" value="52.0"/>
    <property name="socksNonProxyHosts" value="local|*.local|169.254/16|*.169.254/16"/>
  </properties>
  <testcase name="wSignupTestCase" classname="Memberse.WebAppAutomation.wSignupTest" time="12.189">
    <system-out><![CDATA[Value for environment get via pom file --> null
Value Set for environment if initially it null --> INT
Complete value to get from properties file --> {Url=https://app-int.so.fa.dog/explore}
L8V83RD1DM@yopmail.com
Your account has been successfully created.
Test Case Completed
]]></system-out>
    <system-err><![CDATA[Starting ChromeDriver 104.0.5112.79 (3cf3e8c8a07d104b9e1260c910efb8f383285dc5-refs/branch-heads/5112@{#1307}) on port 6094
Only local connections are allowed.
Please see https://chromedriver.chromium.org/security-considerations for suggestions on keeping ChromeDriver safe.
ChromeDriver was started successfully.
Aug 31, 2022 4:09:34 PM org.openqa.selenium.remote.ProtocolHandshake createSession
INFO: Detected dialect: W3C
]]></system-err>
  </testcase>
  <testcase name="wLogintTestCase" classname="Memberse.WebAppAutomation.wLogintTest" time="15.981">
    <system-out><![CDATA[Test Case Code Executed
First name
Test Case Completed
]]></system-out>
    <system-err><![CDATA[Starting ChromeDriver 104.0.5112.79 (3cf3e8c8a07d104b9e1260c910efb8f383285dc5-refs/branch-heads/5112@{#1307}) on port 20701
Only local connections are allowed.
Please see https://chromedriver.chromium.org/security-considerations for suggestions on keeping ChromeDriver safe.
ChromeDriver was started successfully.
Aug 31, 2022 4:09:55 PM org.openqa.selenium.remote.ProtocolHandshake createSession
INFO: Detected dialect: W3C
]]></system-err>
  </testcase>
  <testcase name="SampleTestCase" classname="Memberse.WebAppAutomation.SampleTest" time="13.682">
    <system-out><![CDATA[Test Case Code Executed
]]></system-out>
    <system-err><![CDATA[Starting ChromeDriver 104.0.5112.79 (3cf3e8c8a07d104b9e1260c910efb8f383285dc5-refs/branch-heads/5112@{#1307}) on port 39176
Only local connections are allowed.
Please see https://chromedriver.chromium.org/security-considerations for suggestions on keeping ChromeDriver safe.
ChromeDriver was started successfully.
Aug 31, 2022 4:10:19 PM org.openqa.selenium.remote.ProtocolHandshake createSession
INFO: Detected dialect: W3C
]]></system-err>
  </testcase>
</testsuite>