<?xml version="1.0" encoding="UTF-8"?>
<!-- Generated by org.testng.reporters.JUnitReportReporter -->
<testsuite hostname="Kamals-MacBook-Pro.local" failures="0" tests="1" name="Memberse.WebAppAutomation.wLaunchMemberseLinkedInTest" time="60.561" errors="0" timestamp="2022-10-14T11:00:29 IST" skipped="0">
  <testcase classname="Memberse.WebAppAutomation.wLaunchMemberseLinkedInTest" name="wLaunchMemberseLinkedInTestCase" time="60.561"/>
  <system-out/>
</testsuite> <!-- Memberse.WebAppAutomation.wLaunchMemberseLinkedInTest -->
