<?xml version="1.0" encoding="UTF-8"?>
<!-- Generated by org.testng.reporters.JUnitReportReporter -->
<testsuite skipped="0" hostname="Kamals-MacBook-Pro.local" name="Memberse.WebAppAutomation.wViewPhotoPostTest" tests="1" failures="0" timestamp="2023-01-04T11:44:01 IST" time="32.356" errors="0">
  <testcase name="wViewPhotoPostTestCase" time="32.356" classname="Memberse.WebAppAutomation.wViewPhotoPostTest"/>
  <system-out/>
</testsuite> <!-- Memberse.WebAppAutomation.wViewPhotoPostTest -->
