<?xml version="1.0" encoding="UTF-8"?>
<!-- Generated by org.testng.reporters.JUnitReportReporter -->
<testsuite skipped="0" hostname="Kamals-MacBook-Pro.local" name="Memberse.WebAppAutomation.wViewPhotoPostTest" tests="1" failures="0" timestamp="2022-12-16T11:55:09 IST" time="32.427" errors="0">
  <testcase name="wViewPhotoPostTestCase" time="32.427" classname="Memberse.WebAppAutomation.wViewPhotoPostTest"/>
  <system-out/>
</testsuite> <!-- Memberse.WebAppAutomation.wViewPhotoPostTest -->
