<?xml version="1.0" encoding="UTF-8"?>
<!-- Generated by org.testng.reporters.JUnitReportReporter -->
<testsuite skipped="0" hostname="Kamals-MacBook-Pro.local" name="Memberse.WebAppAutomation.wFeedsVerifyTest" tests="1" failures="0" timestamp="2023-03-01T14:47:58 IST" time="87.234" errors="0">
  <testcase name="wFeedsVerifyTestCase" time="87.234" classname="Memberse.WebAppAutomation.wFeedsVerifyTest"/>
  <system-out/>
</testsuite> <!-- Memberse.WebAppAutomation.wFeedsVerifyTest -->
