<?xml version="1.0" encoding="UTF-8"?>
<!-- Generated by org.testng.reporters.JUnitReportReporter -->
<testsuite skipped="0" hostname="Kamals-MacBook-Pro.local" name="Memberse.WebDMonly.CreatorOrganicLoginTest" tests="1" failures="0" timestamp="2023-07-06T11:30:45 IST" time="29.978" errors="0">
  <testcase name="CreatorOrganicLoginTestCase" time="29.978" classname="Memberse.WebDMonly.CreatorOrganicLoginTest"/>
  <system-out/>
</testsuite> <!-- Memberse.WebDMonly.CreatorOrganicLoginTest -->
