<?xml version="1.0" encoding="UTF-8"?>
<!-- Generated by org.testng.reporters.JUnitReportReporter -->
<testsuite skipped="0" hostname="Kamals-MacBook-Pro.local" name="Memberse.WebAppAutomation.wSignupTest" tests="1" failures="0" timestamp="2023-02-09T20:59:46 IST" time="18.864" errors="0">
  <testcase name="wSignupTestCase" time="18.864" classname="Memberse.WebAppAutomation.wSignupTest"/>
  <system-out/>
</testsuite> <!-- Memberse.WebAppAutomation.wSignupTest -->
