<?xml version="1.0" encoding="UTF-8"?>
<!-- Generated by org.testng.reporters.JUnitReportReporter -->
<testsuite skipped="0" hostname="Kamals-MacBook-Pro.local" name="Memberse.WebAppAutomation.wLaunchAppStoreTest" tests="1" failures="0" timestamp="2022-12-01T15:58:15 IST" time="21.375" errors="0">
  <testcase name="wLaunchAppStoreTestCase" time="21.375" classname="Memberse.WebAppAutomation.wLaunchAppStoreTest"/>
  <system-out/>
</testsuite> <!-- Memberse.WebAppAutomation.wLaunchAppStoreTest -->
