<?xml version="1.0" encoding="UTF-8"?>
<!-- Generated by org.testng.reporters.JUnitReportReporter -->
<testsuite skipped="0" hostname="Kamals-MacBook-Pro.local" name="Memberse.WebAppAutomation.wLoginwithAppleTest" tests="1" failures="0" timestamp="2022-12-27T21:56:47 IST" time="13.655" errors="0">
  <testcase name="wLoginWithAppleTestCase" time="13.655" classname="Memberse.WebAppAutomation.wLoginwithAppleTest"/>
  <system-out/>
</testsuite> <!-- Memberse.WebAppAutomation.wLoginwithAppleTest -->
