<?xml version="1.0" encoding="UTF-8"?>
<!-- Generated by org.testng.reporters.JUnitReportReporter -->
<testsuite skipped="0" hostname="Kamals-MacBook-Pro.local" name="Memberse.WebAppAutomation.wViewPhotoPostTest" tests="1" failures="0" timestamp="2022-12-22T21:13:59 IST" time="28.428" errors="0">
  <testcase name="wViewPhotoPostTestCase" time="28.428" classname="Memberse.WebAppAutomation.wViewPhotoPostTest"/>
  <system-out/>
</testsuite> <!-- Memberse.WebAppAutomation.wViewPhotoPostTest -->
