<?xml version="1.0" encoding="UTF-8"?>
<!-- Generated by org.testng.reporters.JUnitReportReporter -->
<testsuite skipped="0" hostname="Kamals-MacBook-Pro.local" name="Memberse.WebAppAutomation.wCommunityPriceTest" tests="1" failures="0" timestamp="2022-12-02T13:00:19 IST" time="31.511" errors="0">
  <testcase name="wCommunityPriceTestwCommunityPriceTestCase" time="31.511" classname="Memberse.WebAppAutomation.wCommunityPriceTest"/>
  <system-out/>
</testsuite> <!-- Memberse.WebAppAutomation.wCommunityPriceTest -->
