<?xml version="1.0" encoding="UTF-8"?>
<!-- Generated by org.testng.reporters.JUnitReportReporter -->
<testsuite hostname="Kamals-MacBook-Pro.local" failures="0" tests="1" name="Memberse.WebAppAutomation.wCommunityGuidelinesTest" time="14.508" errors="0" timestamp="2022-10-14T10:39:57 IST" skipped="0">
  <testcase classname="Memberse.WebAppAutomation.wCommunityGuidelinesTest" name="wTermsAndConditionsTestCase" time="14.508"/>
  <system-out/>
</testsuite> <!-- Memberse.WebAppAutomation.wCommunityGuidelinesTest -->
