<?xml version="1.0" encoding="UTF-8"?>
<!-- Generated by org.testng.reporters.JUnitReportReporter -->
<testsuite skipped="0" hostname="Kamals-MacBook-Pro.local" name="Memberse.WebAppAutomation.wLogoutTest" tests="1" failures="0" timestamp="2023-05-08T11:49:22 IST" time="41.335" errors="0">
  <testcase name="wLogoutTestCase" time="41.335" classname="Memberse.WebAppAutomation.wLogoutTest"/>
  <system-out/>
</testsuite> <!-- Memberse.WebAppAutomation.wLogoutTest -->
