<?xml version="1.0" encoding="UTF-8"?>
<!-- Generated by org.testng.reporters.JUnitReportReporter -->
<testsuite hostname="Kamals-MacBook-Pro.local" failures="0" tests="1" name="Memberse.WebAppAutomation.wLogoutTest" time="22.659" errors="0" timestamp="2022-10-05T16:26:43 IST" skipped="0">
  <testcase classname="Memberse.WebAppAutomation.wLogoutTest" name="wLogoutTestCase" time="22.659"/>
  <system-out/>
</testsuite> <!-- Memberse.WebAppAutomation.wLogoutTest -->
