<?xml version="1.0" encoding="UTF-8"?>
<!-- Generated by org.testng.reporters.JUnitReportReporter -->
<testsuite skipped="0" hostname="Kamals-MacBook-Pro.local" name="Memberse.WebAppAutomation.wSmokeTest" tests="1" failures="0" timestamp="2022-12-01T14:21:21 IST" time="28.792" errors="0">
  <testcase name="wSmokeTestCase" time="28.792" classname="Memberse.WebAppAutomation.wSmokeTest"/>
  <system-out/>
</testsuite> <!-- Memberse.WebAppAutomation.wSmokeTest -->
