<?xml version="1.0" encoding="UTF-8"?>
<!-- Generated by org.testng.reporters.JUnitReportReporter -->
<testsuite skipped="0" hostname="Kamals-MacBook-Pro.local" name="Memberse.WebAppAutomation.wMyFansListTest" tests="1" failures="0" timestamp="2022-12-22T21:13:59 IST" time="35.105" errors="0">
  <testcase name="wMyFansListTestCase" time="35.105" classname="Memberse.WebAppAutomation.wMyFansListTest"/>
  <system-out/>
</testsuite> <!-- Memberse.WebAppAutomation.wMyFansListTest -->
