<?xml version="1.0" encoding="UTF-8"?>
<!-- Generated by org.testng.reporters.JUnitReportReporter -->
<testsuite skipped="0" hostname="Kamals-MacBook-Pro.local" name="Memberse.WebAppAutomation.wFeedsVerifyTest" tests="1" failures="0" timestamp="2023-02-14T18:36:30 IST" time="89.112" errors="0">
  <testcase name="wFeedsVerifyTestCase" time="89.112" classname="Memberse.WebAppAutomation.wFeedsVerifyTest"/>
  <system-out/>
</testsuite> <!-- Memberse.WebAppAutomation.wFeedsVerifyTest -->
