<?xml version="1.0" encoding="UTF-8"?>
<!-- Generated by org.testng.reporters.JUnitReportReporter -->
<testsuite hostname="Kamals-MacBook-Pro.local" failures="0" tests="1" name="Memberse.WebAppAutomation.wLogoutTest" time="21.403" errors="0" timestamp="2022-10-05T12:59:32 IST" skipped="0">
  <testcase classname="Memberse.WebAppAutomation.wLogoutTest" name="wLogoutTestCase" time="21.403"/>
  <system-out/>
</testsuite> <!-- Memberse.WebAppAutomation.wLogoutTest -->
