<?xml version="1.0" encoding="UTF-8"?>
<!-- Generated by org.testng.reporters.JUnitReportReporter -->
<testsuite hostname="Kamals-MacBook-Pro.local" failures="0" tests="1" name="Memberse.WebAppAutomation.wLaunchAppStoreTest" time="24.114" errors="0" timestamp="2022-10-07T13:02:46 IST" skipped="0">
  <testcase classname="Memberse.WebAppAutomation.wLaunchAppStoreTest" name="wLaunchAppStoreTestCase" time="24.114"/>
  <system-out/>
</testsuite> <!-- Memberse.WebAppAutomation.wLaunchAppStoreTest -->
