<?xml version="1.0" encoding="UTF-8"?>
<!-- Generated by org.testng.reporters.JUnitReportReporter -->
<testsuite skipped="0" hostname="Kamals-MacBook-Pro.local" name="Memberse.WebAppAutomation.wPostHistoryDeleteTest" tests="1" failures="0" timestamp="2023-05-08T11:49:22 IST" time="43.974" errors="0">
  <testcase name="wPostHistoryDeleteTestCase" time="43.974" classname="Memberse.WebAppAutomation.wPostHistoryDeleteTest"/>
  <system-out/>
</testsuite> <!-- Memberse.WebAppAutomation.wPostHistoryDeleteTest -->
