<?xml version="1.0" encoding="UTF-8"?>
<!-- Generated by org.testng.reporters.JUnitReportReporter -->
<testsuite hostname="Kamals-MacBook-Pro.local" failures="0" tests="1" name="Memberse.WebAppAutomation.wLoginFormValidationTest" time="6.629" errors="0" timestamp="2022-09-27T09:41:51 IST" skipped="0">
  <testcase classname="Memberse.WebAppAutomation.wLoginFormValidationTest" name="wLoginFormValidationTestCase" time="6.629"/>
  <system-out/>
</testsuite> <!-- Memberse.WebAppAutomation.wLoginFormValidationTest -->
