<?xml version="1.0" encoding="UTF-8"?>
<!-- Generated by org.testng.reporters.JUnitReportReporter -->
<testsuite hostname="Kamals-MacBook-Pro.local" failures="0" tests="1" name="Memberse.WebAppAutomation.wSearchCreatorTest" time="51.741" errors="0" timestamp="2022-10-14T10:39:57 IST" skipped="0">
  <testcase classname="Memberse.WebAppAutomation.wSearchCreatorTest" name="wSearchCreatorTestCase" time="51.741"/>
  <system-out/>
</testsuite> <!-- Memberse.WebAppAutomation.wSearchCreatorTest -->
