<?xml version="1.0" encoding="UTF-8"?>
<!-- Generated by org.testng.reporters.JUnitReportReporter -->
<testsuite skipped="0" hostname="Kamals-MacBook-Pro.local" name="Memberse.WebAppAutomation.wLaunchAppStoreTest" tests="1" failures="0" timestamp="2023-01-04T11:44:01 IST" time="21.675" errors="0">
  <testcase name="wLaunchAppStoreTestCase" time="21.675" classname="Memberse.WebAppAutomation.wLaunchAppStoreTest"/>
  <system-out/>
</testsuite> <!-- Memberse.WebAppAutomation.wLaunchAppStoreTest -->
