<?xml version="1.0" encoding="UTF-8"?>
<!-- Generated by org.testng.reporters.JUnitReportReporter -->
<testsuite skipped="0" hostname="Kamals-MacBook-Pro.local" name="Memberse.WebAppAutomation.wMyFansListTest" tests="1" failures="0" timestamp="2023-01-04T11:44:01 IST" time="36.250" errors="0">
  <testcase name="wMyFansListTestCase" time="36.250" classname="Memberse.WebAppAutomation.wMyFansListTest"/>
  <system-out/>
</testsuite> <!-- Memberse.WebAppAutomation.wMyFansListTest -->
