<?xml version="1.0" encoding="UTF-8"?>
<!-- Generated by org.testng.reporters.JUnitReportReporter -->
<testsuite hostname="Kamals-MacBook-Pro.local" failures="0" tests="1" name="Memberse.WebAppAutomation.wSignupTest" time="7.200" errors="0" timestamp="2022-09-09T12:36:20 IST" skipped="0">
  <testcase classname="Memberse.WebAppAutomation.wSignupTest" name="wSignupTestCase" time="7.200"/>
  <system-out/>
</testsuite> <!-- Memberse.WebAppAutomation.wSignupTest -->
