<?xml version="1.0" encoding="UTF-8"?>
<!-- Generated by org.testng.reporters.JUnitReportReporter -->
<testsuite skipped="0" hostname="Kamals-MacBook-Pro.local" name="Memberse.WebAppAutomation.wCreateTextPostTest" tests="2" failures="0" timestamp="2022-12-27T14:07:44 IST" time="60.728" errors="0">
  <testcase name="wCreateTextPostTestCase" time="37.877" classname="Memberse.WebAppAutomation.wCreateTextPostTest"/>
  <system-out/>
  <testcase name="wCreateTextPostMembersOnly" time="22.851" classname="Memberse.WebAppAutomation.wCreateTextPostTest"/>
  <system-out/>
</testsuite> <!-- Memberse.WebAppAutomation.wCreateTextPostTest -->
