<?xml version="1.0" encoding="UTF-8"?>
<!-- Generated by org.testng.reporters.JUnitReportReporter -->
<testsuite skipped="0" hostname="Kamals-MacBook-Pro.local" name="Memberse.WebAppAutomation.wAddMediaAndPlayPlaylistTest" tests="1" failures="0" timestamp="2022-12-22T21:13:59 IST" time="144.033" errors="0">
  <testcase name="wAddMediaAndPlayPlaylistTestCase" time="144.033" classname="Memberse.WebAppAutomation.wAddMediaAndPlayPlaylistTest"/>
  <system-out/>
</testsuite> <!-- Memberse.WebAppAutomation.wAddMediaAndPlayPlaylistTest -->
