<?xml version="1.0" encoding="UTF-8"?>
<!-- Generated by org.testng.reporters.JUnitReportReporter -->
<testsuite skipped="0" hostname="Kamals-MacBook-Pro.local" name="Memberse.WebAppAutomation.wLaunchMemberseInstagramTest" tests="1" failures="0" timestamp="2023-01-04T11:44:01 IST" time="31.095" errors="0">
  <testcase name="wLaunchMemberseInstagramTestCase" time="31.095" classname="Memberse.WebAppAutomation.wLaunchMemberseInstagramTest"/>
  <system-out/>
</testsuite> <!-- Memberse.WebAppAutomation.wLaunchMemberseInstagramTest -->
