<?xml version="1.0" encoding="UTF-8"?>
<!-- Generated by org.testng.reporters.JUnitReportReporter -->
<testsuite hostname="Kamals-MacBook-Pro.local" failures="0" tests="1" name="Memberse.WebAppAutomation.wLaunchMemberseInstagramTest" time="25.276" errors="0" timestamp="2022-10-14T10:39:57 IST" skipped="0">
  <testcase classname="Memberse.WebAppAutomation.wLaunchMemberseInstagramTest" name="wLaunchMemberseInstagramTestCase" time="25.276"/>
  <system-out/>
</testsuite> <!-- Memberse.WebAppAutomation.wLaunchMemberseInstagramTest -->
