<?xml version="1.0" encoding="UTF-8"?>
<!-- Generated by org.testng.reporters.JUnitReportReporter -->
<testsuite hostname="Kamals-MacBook-Pro.local" failures="0" tests="1" name="Memberse.WebAppAutomation.SampleTest" time="14.284" errors="0" timestamp="2022-08-30T19:25:14 IST" skipped="0">
  <testcase classname="Memberse.WebAppAutomation.SampleTest" name="SampleTestCase" time="14.284"/>
  <system-out/>
</testsuite> <!-- Memberse.WebAppAutomation.SampleTest -->
