<?xml version="1.0" encoding="UTF-8"?>
<!-- Generated by org.testng.reporters.JUnitReportReporter -->
<testsuite skipped="0" hostname="Kamals-MacBook-Pro.local" name="Memberse.WebAppAutomation.wPrivacyPolicyTest" tests="1" failures="0" timestamp="2023-02-09T20:59:46 IST" time="18.436" errors="0">
  <testcase name="wPrivacyPolicyTestCase" time="18.436" classname="Memberse.WebAppAutomation.wPrivacyPolicyTest"/>
  <system-out/>
</testsuite> <!-- Memberse.WebAppAutomation.wPrivacyPolicyTest -->
