<?xml version="1.0" encoding="UTF-8"?>
<!-- Generated by org.testng.reporters.JUnitReportReporter -->
<testsuite skipped="0" hostname="Kamals-MacBook-Pro.local" name="Memberse.WebAppAutomation.wSearchCreatorTest" tests="1" failures="0" timestamp="2023-02-14T18:36:30 IST" time="35.045" errors="0">
  <testcase name="wSearchCreatorTestCase" time="35.045" classname="Memberse.WebAppAutomation.wSearchCreatorTest"/>
  <system-out/>
</testsuite> <!-- Memberse.WebAppAutomation.wSearchCreatorTest -->
