<?xml version="1.0" encoding="UTF-8"?>
<!-- Generated by org.testng.reporters.JUnitReportReporter -->
<testsuite hostname="Kamals-MacBook-Pro.local" failures="0" tests="1" name="Memberse.WebAppAutomation.wLogoutTest" time="23.946" errors="0" timestamp="2022-09-09T17:08:06 IST" skipped="0">
  <testcase classname="Memberse.WebAppAutomation.wLogoutTest" name="wLogoutTestCase" time="23.946"/>
  <system-out/>
</testsuite> <!-- Memberse.WebAppAutomation.wLogoutTest -->
