<?xml version="1.0" encoding="UTF-8"?>
<!-- Generated by org.testng.reporters.JUnitReportReporter -->
<testsuite skipped="0" hostname="Kamals-MacBook-Pro.local" name="Memberse.WebAppAutomation.wChangePasswordTest" tests="1" failures="0" timestamp="2022-12-22T21:13:59 IST" time="21.467" errors="0">
  <testcase name="wChangePasswordTestCase" time="21.467" classname="Memberse.WebAppAutomation.wChangePasswordTest"/>
  <system-out/>
</testsuite> <!-- Memberse.WebAppAutomation.wChangePasswordTest -->
