<?xml version="1.0" encoding="UTF-8"?>
<!-- Generated by org.testng.reporters.JUnitReportReporter -->
<testsuite skipped="0" hostname="Kamals-MacBook-Pro.local" name="Memberse.WebAppAutomation.wMemberInfoTest" tests="1" failures="0" timestamp="2023-01-04T11:44:01 IST" time="25.935" errors="0">
  <testcase name="wMemberInfoTestCase" time="25.935" classname="Memberse.WebAppAutomation.wMemberInfoTest"/>
  <system-out/>
</testsuite> <!-- Memberse.WebAppAutomation.wMemberInfoTest -->
