<?xml version="1.0" encoding="UTF-8"?>
<!-- Generated by org.testng.reporters.JUnitReportReporter -->
<testsuite hostname="Kamals-MacBook-Pro.local" failures="0" tests="1" name="Memberse.WebAppAutomation.wLoginWithGoogleTest" time="62.865" errors="0" timestamp="2022-10-07T14:10:57 IST" skipped="0">
  <testcase classname="Memberse.WebAppAutomation.wLoginWithGoogleTest" name="wLoginWithGoogleTestCase" time="62.865"/>
  <system-out/>
</testsuite> <!-- Memberse.WebAppAutomation.wLoginWithGoogleTest -->
