<?xml version="1.0" encoding="UTF-8"?>
<!-- Generated by org.testng.reporters.JUnitReportReporter -->
<testsuite skipped="0" hostname="Kamals-MacBook-Pro.local" name="Memberse.WebAppAutomation.wPrivacyPolicyTest" tests="1" failures="0" timestamp="2022-12-01T16:19:08 IST" time="15.184" errors="0">
  <testcase name="wPrivacyPolicyTestCase" time="15.184" classname="Memberse.WebAppAutomation.wPrivacyPolicyTest"/>
  <system-out/>
</testsuite> <!-- Memberse.WebAppAutomation.wPrivacyPolicyTest -->
