<?xml version="1.0" encoding="UTF-8"?>
<!-- Generated by org.testng.reporters.JUnitReportReporter -->
<testsuite skipped="0" hostname="Kamals-MacBook-Pro.local" name="Memberse.WebAppAutomation.wFollowAndUnfollowCommunityTest" tests="2" failures="0" timestamp="2023-05-22T15:04:29 IST" time="173.764" errors="0">
  <testcase name="wFollowCommunityTestCase" time="117.490" classname="Memberse.WebAppAutomation.wFollowAndUnfollowCommunityTest"/>
  <system-out/>
  <testcase name="wUnfollowCommunityTestCase" time="56.274" classname="Memberse.WebAppAutomation.wFollowAndUnfollowCommunityTest"/>
  <system-out/>
</testsuite> <!-- Memberse.WebAppAutomation.wFollowAndUnfollowCommunityTest -->
