<?xml version="1.0" encoding="UTF-8"?>
<!-- Generated by org.testng.reporters.JUnitReportReporter -->
<testsuite hostname="Kamals-MacBook-Pro.local" failures="0" tests="1" name="Memberse.WebAppAutomation.wPostHistoryEditTest" time="52.244" errors="0" timestamp="2022-11-09T09:53:29 IST" skipped="0">
  <testcase classname="Memberse.WebAppAutomation.wPostHistoryEditTest" name="wPostHistoryEditTestCase" time="52.244"/>
  <system-out/>
</testsuite> <!-- Memberse.WebAppAutomation.wPostHistoryEditTest -->
