<?xml version="1.0" encoding="UTF-8"?>
<!-- Generated by org.testng.reporters.JUnitReportReporter -->
<testsuite skipped="0" hostname="Kamals-MacBook-Pro.local" name="Memberse.WebAppAutomation.wLogoutTest" tests="1" failures="0" timestamp="2022-12-26T18:06:22 IST" time="23.218" errors="0">
  <testcase name="wLogoutTestCase" time="23.218" classname="Memberse.WebAppAutomation.wLogoutTest"/>
  <system-out/>
</testsuite> <!-- Memberse.WebAppAutomation.wLogoutTest -->
