<?xml version="1.0" encoding="UTF-8"?>
<!-- Generated by org.testng.reporters.JUnitReportReporter -->
<testsuite hostname="Kamals-MacBook-Pro.local" failures="0" tests="1" name="Memberse.WebAppAutomation.wLoginFormValidationTest" time="7.830" errors="0" timestamp="2022-10-05T16:26:43 IST" skipped="0">
  <testcase classname="Memberse.WebAppAutomation.wLoginFormValidationTest" name="wLoginFormValidationTestCase" time="7.830"/>
  <system-out/>
</testsuite> <!-- Memberse.WebAppAutomation.wLoginFormValidationTest -->
