<?xml version="1.0" encoding="UTF-8"?>
<!-- Generated by org.testng.reporters.JUnitReportReporter -->
<testsuite hostname="Kamals-MacBook-Pro.local" failures="0" tests="1" name="Memberse.WebAppAutomation.wPlaylistEditTest" time="148.899" errors="0" timestamp="2022-11-10T12:17:37 IST" skipped="0">
  <testcase classname="Memberse.WebAppAutomation.wPlaylistEditTest" name="wPlaylistEditTestCase" time="148.899"/>
  <system-out/>
</testsuite> <!-- Memberse.WebAppAutomation.wPlaylistEditTest -->
