<?xml version="1.0" encoding="UTF-8"?>
<!-- Generated by org.testng.reporters.JUnitReportReporter -->
<testsuite skipped="0" hostname="Kamals-MacBook-Pro.local" name="Memberse.WebAppAutomation.wSmokeTest" tests="1" failures="0" timestamp="2022-12-20T16:12:49 IST" time="22.287" errors="0">
  <testcase name="wSmokeTestCase" time="22.287" classname="Memberse.WebAppAutomation.wSmokeTest"/>
  <system-out/>
</testsuite> <!-- Memberse.WebAppAutomation.wSmokeTest -->
