<?xml version="1.0" encoding="UTF-8"?>
<!-- Generated by org.testng.reporters.JUnitReportReporter -->
<testsuite hostname="Kamals-MacBook-Pro.local" failures="0" tests="1" name="Memberse.WebAppAutomation.wTermsAndConditionsTest" time="13.908" errors="0" timestamp="2022-10-14T10:39:57 IST" skipped="0">
  <testcase classname="Memberse.WebAppAutomation.wTermsAndConditionsTest" name="wTermsAndConditionsTestCase" time="13.908"/>
  <system-out/>
</testsuite> <!-- Memberse.WebAppAutomation.wTermsAndConditionsTest -->
