<?xml version="1.0" encoding="UTF-8"?>
<!-- Generated by org.testng.reporters.JUnitReportReporter -->
<testsuite skipped="0" hostname="Kamals-MacBook-Pro.local" name="Memberse.WebAppAutomation.wUserInfoTest" tests="1" failures="0" timestamp="2022-12-02T11:05:06 IST" time="26.690" errors="0">
  <testcase name="wUserInfoTestCase" time="26.690" classname="Memberse.WebAppAutomation.wUserInfoTest"/>
  <system-out/>
</testsuite> <!-- Memberse.WebAppAutomation.wUserInfoTest -->
