<?xml version="1.0" encoding="UTF-8"?>
<!-- Generated by org.testng.reporters.JUnitReportReporter -->
<testsuite hostname="Kamals-MacBook-Pro.local" failures="0" tests="1" name="Memberse.WebAppAutomation.wMembershipsTest" time="52.344" errors="0" timestamp="2022-10-18T18:07:50 IST" skipped="0">
  <testcase classname="Memberse.WebAppAutomation.wMembershipsTest" name="wMembershipsTestCase" time="52.344"/>
  <system-out/>
</testsuite> <!-- Memberse.WebAppAutomation.wMembershipsTest -->
