<?xml version="1.0" encoding="UTF-8"?>
<!-- Generated by org.testng.reporters.JUnitReportReporter -->
<testsuite skipped="0" hostname="Kamals-MacBook-Pro.local" name="Memberse.WebDMonly.FanBioLinkLoginTest" tests="1" failures="0" timestamp="2023-07-06T11:30:45 IST" time="63.686" errors="0">
  <testcase name="FanBioLinkLoginTestCase" time="63.686" classname="Memberse.WebDMonly.FanBioLinkLoginTest"/>
  <system-out/>
</testsuite> <!-- Memberse.WebDMonly.FanBioLinkLoginTest -->
