<?xml version="1.0" encoding="UTF-8"?>
<!-- Generated by org.testng.reporters.JUnitReportReporter -->
<testsuite hostname="Kamals-MacBook-Pro.local" failures="0" tests="1" name="Memberse.WebAppAutomation.wChangePasswordTest" time="36.963" errors="0" timestamp="2022-10-26T16:17:02 IST" skipped="0">
  <testcase classname="Memberse.WebAppAutomation.wChangePasswordTest" name="wChangePasswordTestCase" time="36.963"/>
  <system-out/>
</testsuite> <!-- Memberse.WebAppAutomation.wChangePasswordTest -->
