<?xml version="1.0" encoding="UTF-8"?>
<!-- Generated by org.testng.reporters.JUnitReportReporter -->
<testsuite skipped="0" hostname="Kamals-MacBook-Pro.local" name="Memberse.WebAppAutomation.wPostHistoryEditTest" tests="1" failures="0" timestamp="2022-12-02T13:44:33 IST" time="47.070" errors="0">
  <testcase name="wPostHistoryEditTestCase" time="47.070" classname="Memberse.WebAppAutomation.wPostHistoryEditTest"/>
  <system-out/>
</testsuite> <!-- Memberse.WebAppAutomation.wPostHistoryEditTest -->
