<?xml version="1.0" encoding="UTF-8"?>
<!-- Generated by org.testng.reporters.JUnitReportReporter -->
<testsuite skipped="0" hostname="Kamals-MacBook-Pro.local" name="Memberse.WebAppAutomation.wFeedsFilterTest" tests="1" failures="0" timestamp="2022-12-16T14:57:51 IST" time="45.180" errors="0">
  <testcase name="wFeedsFilterTestCase" time="45.180" classname="Memberse.WebAppAutomation.wFeedsFilterTest"/>
  <system-out/>
</testsuite> <!-- Memberse.WebAppAutomation.wFeedsFilterTest -->
