<?xml version="1.0" encoding="UTF-8"?>
<!-- Generated by org.testng.reporters.JUnitReportReporter -->
<testsuite skipped="0" hostname="Kamals-MacBook-Pro.local" name="Memberse.WebAppAutomation.wMembershipsTest" tests="1" failures="0" timestamp="2022-12-02T12:29:52 IST" time="26.308" errors="0">
  <testcase name="wMembershipsTestCase" time="26.308" classname="Memberse.WebAppAutomation.wMembershipsTest"/>
  <system-out/>
</testsuite> <!-- Memberse.WebAppAutomation.wMembershipsTest -->
