<?xml version="1.0" encoding="UTF-8"?>
<!-- Generated by org.testng.reporters.JUnitReportReporter -->
<testsuite skipped="0" hostname="Kamals-MacBook-Pro.local" name="Memberse.WebAppAutomation.wLaunchMemberseTikTokTest" tests="1" failures="0" timestamp="2022-12-01T16:15:06 IST" time="20.678" errors="0">
  <testcase name="wLaunchMemberseTikTokTestCase" time="20.678" classname="Memberse.WebAppAutomation.wLaunchMemberseTikTokTest"/>
  <system-out/>
</testsuite> <!-- Memberse.WebAppAutomation.wLaunchMemberseTikTokTest -->
