<?xml version="1.0" encoding="UTF-8"?>
<!-- Generated by org.testng.reporters.JUnitReportReporter -->
<testsuite skipped="0" hostname="Kamals-MacBook-Pro.local" name="Memberse.WebAppAutomation.wReportCommunityTest" tests="1" failures="0" timestamp="2023-03-01T14:47:58 IST" time="49.532" errors="0">
  <testcase name="wReportCommunityTestCase" time="49.532" classname="Memberse.WebAppAutomation.wReportCommunityTest"/>
  <system-out/>
</testsuite> <!-- Memberse.WebAppAutomation.wReportCommunityTest -->
