<?xml version="1.0" encoding="UTF-8"?>
<!-- Generated by org.testng.reporters.JUnitReportReporter -->
<testsuite skipped="0" hostname="Kamals-MacBook-Pro.local" name="Memberse.WebAppAutomation.wCreateAudioPostTest" tests="2" failures="0" timestamp="2022-12-13T15:02:04 IST" time="103.235" errors="0">
  <testcase name="wCreateAudioPostTestPaid" time="41.461" classname="Memberse.WebAppAutomation.wCreateAudioPostTest"/>
  <system-out/>
  <testcase name="wCreatAudioPostTestFree" time="61.774" classname="Memberse.WebAppAutomation.wCreateAudioPostTest"/>
  <system-out/>
</testsuite> <!-- Memberse.WebAppAutomation.wCreateAudioPostTest -->
