<?xml version="1.0" encoding="UTF-8"?>
<!-- Generated by org.testng.reporters.JUnitReportReporter -->
<testsuite skipped="0" hostname="Kamals-MacBook-Pro.local" name="Memberse.WebAppAutomation.wCreatePhotoPostTest" tests="1" failures="0" timestamp="2023-02-20T15:37:17 IST" time="67.765" errors="0">
  <testcase name="wCreatePhotoPostTestCase" time="67.765" classname="Memberse.WebAppAutomation.wCreatePhotoPostTest"/>
  <system-out/>
</testsuite> <!-- Memberse.WebAppAutomation.wCreatePhotoPostTest -->
