<?xml version="1.0" encoding="UTF-8"?>
<!-- Generated by org.testng.reporters.JUnitReportReporter -->
<testsuite skipped="0" hostname="Kamals-MacBook-Pro.local" name="Memberse.WebAppAutomation.wLaunchMemberseFacebookTest" tests="1" failures="0" timestamp="2022-12-27T21:56:47 IST" time="18.516" errors="0">
  <testcase name="wLaunchMemberseFacebookTestCase" time="18.516" classname="Memberse.WebAppAutomation.wLaunchMemberseFacebookTest"/>
  <system-out/>
</testsuite> <!-- Memberse.WebAppAutomation.wLaunchMemberseFacebookTest -->
