<?xml version="1.0" encoding="UTF-8"?>
<!-- Generated by org.testng.reporters.JUnitReportReporter -->
<testsuite skipped="0" hostname="Kamals-MacBook-Pro.local" name="Memberse.WebAppAutomation.wTermsAndConditionsTest" tests="1" failures="0" timestamp="2022-12-01T16:18:07 IST" time="16.291" errors="0">
  <testcase name="wTermsAndConditionsTestCase" time="16.291" classname="Memberse.WebAppAutomation.wTermsAndConditionsTest"/>
  <system-out/>
</testsuite> <!-- Memberse.WebAppAutomation.wTermsAndConditionsTest -->
