<?xml version="1.0" encoding="UTF-8"?>
<!-- Generated by org.testng.reporters.JUnitReportReporter -->
<testsuite hostname="Kamals-MacBook-Pro.local" failures="0" tests="1" name="Memberse.WebAppAutomation.wLoginWithFacebookTest" time="38.712" errors="0" timestamp="2022-09-27T17:57:51 IST" skipped="0">
  <testcase classname="Memberse.WebAppAutomation.wLoginWithFacebookTest" name="wLoginWithFacebookTestCase" time="38.712"/>
  <system-out/>
</testsuite> <!-- Memberse.WebAppAutomation.wLoginWithFacebookTest -->
