<?xml version="1.0" encoding="UTF-8"?>
<!-- Generated by org.testng.reporters.JUnitReportReporter -->
<testsuite skipped="0" hostname="Kamals-MacBook-Pro.local" name="Memberse.WebAppAutomation.wCreatePhotoPostTest" tests="2" failures="0" timestamp="2022-12-22T21:13:59 IST" time="90.205" errors="0">
  <testcase name="wCreatePhotoPostTestCase" time="55.272" classname="Memberse.WebAppAutomation.wCreatePhotoPostTest"/>
  <system-out/>
  <testcase name="wCreatePhotoPostTestPaid" time="34.933" classname="Memberse.WebAppAutomation.wCreatePhotoPostTest"/>
  <system-out/>
</testsuite> <!-- Memberse.WebAppAutomation.wCreatePhotoPostTest -->
