<?xml version="1.0" encoding="UTF-8"?>
<!-- Generated by org.testng.reporters.JUnitReportReporter -->
<testsuite skipped="0" hostname="Kamals-MacBook-Pro.local" name="Memberse.WebAppAutomation.wLaunchGooglePlayTest" tests="1" failures="0" timestamp="2022-12-26T21:11:18 IST" time="18.760" errors="0">
  <testcase name="wLaunchGooglePlayTestCase" time="18.760" classname="Memberse.WebAppAutomation.wLaunchGooglePlayTest"/>
  <system-out/>
</testsuite> <!-- Memberse.WebAppAutomation.wLaunchGooglePlayTest -->
