<?xml version="1.0" encoding="UTF-8"?>
<!-- Generated by org.testng.reporters.JUnitReportReporter -->
<testsuite skipped="0" hostname="Kamals-MacBook-Pro.local" name="Memberse.WebAppAutomation.wLaunchMemberseLinkedInTest" tests="1" failures="0" timestamp="2022-12-22T21:13:59 IST" time="18.224" errors="0">
  <testcase name="wLaunchMemberseLinkedInTestCase" time="18.224" classname="Memberse.WebAppAutomation.wLaunchMemberseLinkedInTest"/>
  <system-out/>
</testsuite> <!-- Memberse.WebAppAutomation.wLaunchMemberseLinkedInTest -->
