<?xml version="1.0" encoding="UTF-8"?>
<!-- Generated by org.testng.reporters.JUnitReportReporter -->
<testsuite skipped="0" hostname="Kamals-MacBook-Pro.local" name="Memberse.WebAppAutomation.wLoginWithGoogleTest" tests="1" failures="0" timestamp="2022-12-26T18:06:22 IST" time="24.168" errors="0">
  <testcase name="wLoginWithGoogleTestCase" time="24.168" classname="Memberse.WebAppAutomation.wLoginWithGoogleTest"/>
  <system-out/>
</testsuite> <!-- Memberse.WebAppAutomation.wLoginWithGoogleTest -->
