<?xml version="1.0" encoding="UTF-8"?>
<!-- Generated by org.testng.reporters.JUnitReportReporter -->
<testsuite skipped="0" hostname="Kamals-MacBook-Pro.local" name="Memberse.WebAppAutomation.wSignupTest" tests="1" failures="0" timestamp="2022-12-23T18:56:24 IST" time="15.597" errors="0">
  <testcase name="wSignupTestCase" time="15.597" classname="Memberse.WebAppAutomation.wSignupTest"/>
  <system-out/>
</testsuite> <!-- Memberse.WebAppAutomation.wSignupTest -->
