<?xml version="1.0" encoding="UTF-8"?>
<!-- Generated by org.testng.reporters.JUnitReportReporter -->
<testsuite hostname="Kamals-MacBook-Pro.local" failures="0" tests="1" name="Memberse.WebAppAutomation.wCreatePlaylistTest" time="84.893" errors="0" timestamp="2022-11-09T15:03:40 IST" skipped="0">
  <testcase classname="Memberse.WebAppAutomation.wCreatePlaylistTest" name="wCreatePlaylistTestCase" time="84.893"/>
  <system-out/>
</testsuite> <!-- Memberse.WebAppAutomation.wCreatePlaylistTest -->
