<?xml version="1.0" encoding="UTF-8"?>
<!-- Generated by org.testng.reporters.JUnitReportReporter -->
<testsuite skipped="0" hostname="Kamals-MacBook-Pro.local" name="Memberse.WebAppAutomation.wFeedsFilterTest" tests="1" failures="0" timestamp="2023-05-22T15:04:29 IST" time="60.240" errors="0">
  <testcase name="wFeedsFilterTestCase" time="60.240" classname="Memberse.WebAppAutomation.wFeedsFilterTest"/>
  <system-out/>
</testsuite> <!-- Memberse.WebAppAutomation.wFeedsFilterTest -->
