<?xml version="1.0" encoding="UTF-8"?>
<!-- Generated by org.testng.reporters.JUnitReportReporter -->
<testsuite skipped="0" hostname="Kamals-MacBook-Pro.local" name="Memberse.WebAppAutomation.wSignupFormValidationTest" tests="1" failures="0" timestamp="2022-12-26T14:48:12 IST" time="13.091" errors="0">
  <testcase name="wSignupFormValidationTestCase" time="13.091" classname="Memberse.WebAppAutomation.wSignupFormValidationTest"/>
  <system-out/>
</testsuite> <!-- Memberse.WebAppAutomation.wSignupFormValidationTest -->
