<?xml version="1.0" encoding="UTF-8"?>
<!-- Generated by org.testng.reporters.JUnitReportReporter -->
<testsuite skipped="0" hostname="Kamals-MacBook-Pro.local" name="Memberse.WebAppAutomation.wLoginWithFacebookTest" tests="1" failures="0" timestamp="2023-02-09T16:18:32 IST" time="34.400" errors="0">
  <testcase name="wLoginWithFacebookTestCase" time="34.400" classname="Memberse.WebAppAutomation.wLoginWithFacebookTest"/>
  <system-out/>
</testsuite> <!-- Memberse.WebAppAutomation.wLoginWithFacebookTest -->
