<?xml version="1.0" encoding="UTF-8"?>
<!-- Generated by org.testng.reporters.JUnitReportReporter -->
<testsuite skipped="0" hostname="Kamals-MacBook-Pro.local" name="Memberse.WebAppAutomation.wCommunityTabsTest" tests="1" failures="0" timestamp="2022-12-16T16:24:27 IST" time="68.017" errors="0">
  <testcase name="wCommunityTabsTestCase" time="68.017" classname="Memberse.WebAppAutomation.wCommunityTabsTest"/>
  <system-out/>
</testsuite> <!-- Memberse.WebAppAutomation.wCommunityTabsTest -->
