<?xml version="1.0" encoding="UTF-8"?>
<!-- Generated by org.testng.reporters.JUnitReportReporter -->
<testsuite skipped="0" hostname="Kamals-MacBook-Pro.local" name="Memberse.WebAppAutomation.wLogoutTest" tests="1" failures="0" timestamp="2022-12-23T19:07:35 IST" time="22.392" errors="0">
  <testcase name="wLogoutTestCase" time="22.392" classname="Memberse.WebAppAutomation.wLogoutTest"/>
  <system-out/>
</testsuite> <!-- Memberse.WebAppAutomation.wLogoutTest -->
