<?xml version="1.0" encoding="UTF-8"?>
<!-- Generated by org.testng.reporters.JUnitReportReporter -->
<testsuite skipped="0" hostname="Kamals-MacBook-Pro.local" name="Memberse.WebAppAutomation.wMembershipsTest" tests="1" failures="0" timestamp="2023-03-01T14:47:58 IST" time="33.013" errors="0">
  <testcase name="wMembershipsTestCase" time="33.013" classname="Memberse.WebAppAutomation.wMembershipsTest"/>
  <system-out/>
</testsuite> <!-- Memberse.WebAppAutomation.wMembershipsTest -->
