<?xml version="1.0" encoding="UTF-8"?>
<!-- Generated by org.testng.reporters.JUnitReportReporter -->
<testsuite skipped="0" hostname="Kamals-MacBook-Pro.local" name="Memberse.WebAppAutomation.wCommentOnPostTest" tests="1" failures="0" timestamp="2023-01-04T11:44:01 IST" time="40.114" errors="0">
  <testcase name="wCommentOnPostTestCase" time="40.114" classname="Memberse.WebAppAutomation.wCommentOnPostTest"/>
  <system-out/>
</testsuite> <!-- Memberse.WebAppAutomation.wCommentOnPostTest -->
