<?xml version="1.0" encoding="UTF-8"?>
<!-- Generated by org.testng.reporters.JUnitReportReporter -->
<testsuite skipped="0" hostname="Kamals-MacBook-Pro.local" name="Memberse.WebAppAutomation.wBecomeCreatorTest" tests="1" failures="0" timestamp="2022-12-02T12:49:40 IST" time="51.154" errors="0">
  <testcase name="WBecomeCreatorTestCase" time="51.154" classname="Memberse.WebAppAutomation.wBecomeCreatorTest"/>
  <system-out/>
</testsuite> <!-- Memberse.WebAppAutomation.wBecomeCreatorTest -->
