<?xml version="1.0" encoding="UTF-8"?>
<!-- Generated by org.testng.reporters.JUnitReportReporter -->
<testsuite hostname="Kamals-MacBook-Pro.local" failures="0" tests="1" name="Memberse.WebAppAutomation.wRegisterFormValidationTest" time="8.966" errors="0" timestamp="2022-09-27T09:39:06 IST" skipped="0">
  <testcase classname="Memberse.WebAppAutomation.wRegisterFormValidationTest" name="wRegisterFormValidationTestCase" time="8.966"/>
  <system-out/>
</testsuite> <!-- Memberse.WebAppAutomation.wRegisterFormValidationTest -->
