<?xml version="1.0" encoding="UTF-8"?>
<!-- Generated by org.testng.reporters.JUnitReportReporter -->
<testsuite hostname="Kamals-MacBook-Pro.local" failures="0" tests="1" name="Memberse.WebAppAutomation.wTermsAndConditionsTest" time="15.725" errors="0" timestamp="2022-11-18T13:29:47 IST" skipped="0">
  <testcase classname="Memberse.WebAppAutomation.wTermsAndConditionsTest" name="wTermsAndConditionsTestCase" time="15.725"/>
  <system-out/>
</testsuite> <!-- Memberse.WebAppAutomation.wTermsAndConditionsTest -->
