<?xml version="1.0" encoding="UTF-8"?>
<!-- Generated by org.testng.reporters.JUnitReportReporter -->
<testsuite skipped="0" hostname="Kamals-MacBook-Pro.local" name="Memberse.WebAppAutomation.wPlayVideoPostTest" tests="1" failures="0" timestamp="2022-12-16T12:55:39 IST" time="33.122" errors="0">
  <testcase name="wPlayVideoPostTestCase" time="33.122" classname="Memberse.WebAppAutomation.wPlayVideoPostTest"/>
  <system-out/>
</testsuite> <!-- Memberse.WebAppAutomation.wPlayVideoPostTest -->
