<?xml version="1.0" encoding="UTF-8"?>
<!-- Generated by org.testng.reporters.JUnitReportReporter -->
<testsuite hostname="Kamals-MacBook-Pro.local" failures="0" tests="1" name="Memberse.WebAppAutomation.wCommunityPriceTest" time="39.862" errors="0" timestamp="2022-11-08T10:11:38 IST" skipped="0">
  <testcase classname="Memberse.WebAppAutomation.wCommunityPriceTest" name="wCommunityPriceTestwCommunityPriceTestCase" time="39.862"/>
  <system-out/>
</testsuite> <!-- Memberse.WebAppAutomation.wCommunityPriceTest -->
