<?xml version="1.0" encoding="UTF-8"?>
<!-- Generated by org.testng.reporters.JUnitReportReporter -->
<testsuite skipped="0" hostname="Kamals-MacBook-Pro.local" name="Memberse.WebAppAutomation.wLoginWithFacebookTest" tests="1" failures="0" timestamp="2022-12-01T15:17:04 IST" time="40.145" errors="0">
  <testcase name="wLoginWithFacebookTestCase" time="40.145" classname="Memberse.WebAppAutomation.wLoginWithFacebookTest"/>
  <system-out/>
</testsuite> <!-- Memberse.WebAppAutomation.wLoginWithFacebookTest -->
