<?xml version="1.0" encoding="UTF-8"?>
<!-- Generated by org.testng.reporters.JUnitReportReporter -->
<testsuite skipped="0" hostname="Kamals-MacBook-Pro.local" name="Memberse.WebAppAutomation.wCreateVideoPostTest" tests="1" failures="0" timestamp="2023-02-14T19:19:04 IST" time="96.059" errors="0">
  <testcase name="wCreatVideoPostTestCase" time="96.059" classname="Memberse.WebAppAutomation.wCreateVideoPostTest"/>
  <system-out/>
</testsuite> <!-- Memberse.WebAppAutomation.wCreateVideoPostTest -->
