<?xml version="1.0" encoding="UTF-8"?>
<!-- Generated by org.testng.reporters.JUnitReportReporter -->
<testsuite skipped="0" hostname="Kamals-MacBook-Pro.local" name="Memberse.WebAppAutomation.wCreateVideoPostTest" tests="2" failures="0" timestamp="2022-12-27T15:01:33 IST" time="93.107" errors="0">
  <testcase name="wCreatVideoPostTestCase" time="50.386" classname="Memberse.WebAppAutomation.wCreateVideoPostTest"/>
  <system-out/>
  <testcase name="wCreateVideoPostTestPaid" time="42.721" classname="Memberse.WebAppAutomation.wCreateVideoPostTest"/>
  <system-out/>
</testsuite> <!-- Memberse.WebAppAutomation.wCreateVideoPostTest -->
