<?xml version="1.0" encoding="UTF-8"?>
<!-- Generated by org.testng.reporters.JUnitReportReporter -->
<testsuite skipped="0" hostname="Kamals-MacBook-Pro.local" name="Memberse.WebAppAutomation.wReportPostTest" tests="1" failures="0" timestamp="2022-12-16T15:36:31 IST" time="33.643" errors="0">
  <testcase name="wReportPostTestCase" time="33.643" classname="Memberse.WebAppAutomation.wReportPostTest"/>
  <system-out/>
</testsuite> <!-- Memberse.WebAppAutomation.wReportPostTest -->
