<?xml version="1.0" encoding="UTF-8"?>
<!-- Generated by org.testng.reporters.JUnitReportReporter -->
<testsuite skipped="0" hostname="Kamals-MacBook-Pro.local" name="Memberse.WebAppAutomation.wSearchCreatorTest" tests="1" failures="0" timestamp="2022-12-27T15:15:38 IST" time="28.687" errors="0">
  <testcase name="wSearchCreatorTestCase" time="28.687" classname="Memberse.WebAppAutomation.wSearchCreatorTest"/>
  <system-out/>
</testsuite> <!-- Memberse.WebAppAutomation.wSearchCreatorTest -->
