<?xml version="1.0" encoding="UTF-8"?>
<!-- Generated by org.testng.reporters.JUnitReportReporter -->
<testsuite skipped="0" hostname="Kamals-MacBook-Pro.local" name="Memberse.WebAppAutomation.wCreatorBothSideMenusTest" tests="1" failures="0" timestamp="2023-02-14T18:36:30 IST" time="28.859" errors="0">
  <testcase name="wCreatorBothSideMenusTestCase" time="28.859" classname="Memberse.WebAppAutomation.wCreatorBothSideMenusTest"/>
  <system-out/>
</testsuite> <!-- Memberse.WebAppAutomation.wCreatorBothSideMenusTest -->
