<?xml version="1.0" encoding="UTF-8"?>
<!-- Generated by org.testng.reporters.JUnitReportReporter -->
<testsuite skipped="0" hostname="Kamals-MacBook-Pro.local" name="Memberse.WebAppAutomation.wDeleteAccountTest" tests="1" failures="0" timestamp="2023-02-09T20:59:46 IST" time="40.141" errors="0">
  <testcase name="wDeleteAccountTestCase" time="40.141" classname="Memberse.WebAppAutomation.wDeleteAccountTest"/>
  <system-out/>
</testsuite> <!-- Memberse.WebAppAutomation.wDeleteAccountTest -->
