<?xml version="1.0" encoding="UTF-8"?>
<!-- Generated by org.testng.reporters.JUnitReportReporter -->
<testsuite hostname="Kamals-MacBook-Pro.local" failures="0" tests="1" name="Memberse.WebAppAutomation.wLogintTest" time="35.811" errors="0" timestamp="2022-10-07T14:10:57 IST" skipped="0">
  <testcase classname="Memberse.WebAppAutomation.wLogintTest" name="wLogintTestCase" time="35.811"/>
  <system-out/>
</testsuite> <!-- Memberse.WebAppAutomation.wLogintTest -->
