<?xml version="1.0" encoding="UTF-8"?>
<!-- Generated by org.testng.reporters.JUnitReportReporter -->
<testsuite skipped="0" hostname="Kamals-MacBook-Pro.local" name="Memberse.WebAppAutomation.wCreateVideoPostTest" tests="2" failures="0" timestamp="2022-12-13T14:18:15 IST" time="102.948" errors="0">
  <testcase name="wCreateVideoPostTestPaid" time="41.664" classname="Memberse.WebAppAutomation.wCreateVideoPostTest"/>
  <system-out/>
  <testcase name="wCreatVideoPostTestFree" time="61.284" classname="Memberse.WebAppAutomation.wCreateVideoPostTest"/>
  <system-out/>
</testsuite> <!-- Memberse.WebAppAutomation.wCreateVideoPostTest -->
