<?xml version="1.0" encoding="UTF-8"?>
<!-- Generated by org.testng.reporters.JUnitReportReporter -->
<testsuite skipped="0" hostname="Kamals-MacBook-Pro.local" name="Memberse.WebAppAutomation.wCreatePhotoPostTest" tests="2" failures="0" timestamp="2022-12-13T13:36:58 IST" time="102.811" errors="0">
  <testcase name="wCreatePhotoPostTestPaid" time="40.893" classname="Memberse.WebAppAutomation.wCreatePhotoPostTest"/>
  <system-out/>
  <testcase name="wCreatePhotoPostTestFree" time="61.918" classname="Memberse.WebAppAutomation.wCreatePhotoPostTest"/>
  <system-out/>
</testsuite> <!-- Memberse.WebAppAutomation.wCreatePhotoPostTest -->
