<?xml version="1.0" encoding="UTF-8"?>
<!-- Generated by org.testng.reporters.JUnitReportReporter -->
<testsuite hostname="Kamals-MacBook-Pro.local" failures="0" tests="1" name="Memberse.WebAppAutomation.wLogintTest" time="13.963" errors="0" timestamp="2022-09-23T13:53:52 IST" skipped="0">
  <testcase classname="Memberse.WebAppAutomation.wLogintTest" name="wLogintTestCase" time="13.963"/>
  <system-out/>
</testsuite> <!-- Memberse.WebAppAutomation.wLogintTest -->
