<?xml version="1.0" encoding="UTF-8"?>
<!-- Generated by org.testng.reporters.JUnitReportReporter -->
<testsuite skipped="0" hostname="Kamals-MacBook-Pro.local" name="Memberse.WebAppAutomation.wCreateTextPostTest" tests="2" failures="0" timestamp="2022-12-22T21:13:59 IST" time="47.905" errors="0">
  <testcase name="wCreateTextPostTestCase" time="31.659" classname="Memberse.WebAppAutomation.wCreateTextPostTest"/>
  <system-out/>
  <testcase name="wCreateTextPostTestPaid" time="16.246" classname="Memberse.WebAppAutomation.wCreateTextPostTest"/>
  <system-out/>
</testsuite> <!-- Memberse.WebAppAutomation.wCreateTextPostTest -->
