<?xml version="1.0" encoding="UTF-8"?>
<!-- Generated by org.testng.reporters.JUnitReportReporter -->
<testsuite skipped="0" hostname="Kamals-MacBook-Pro.local" name="Memberse.WebAppAutomation.wAddMediaAndPlayPlaylistTest" tests="1" failures="0" timestamp="2022-12-05T11:34:55 IST" time="145.426" errors="0">
  <testcase name="wAddMediaAndPlayPlaylistTestCase" time="145.426" classname="Memberse.WebAppAutomation.wAddMediaAndPlayPlaylistTest"/>
  <system-out/>
</testsuite> <!-- Memberse.WebAppAutomation.wAddMediaAndPlayPlaylistTest -->
