<?xml version="1.0" encoding="UTF-8"?>
<!-- Generated by org.testng.reporters.JUnitReportReporter -->
<testsuite skipped="0" hostname="Kamals-MacBook-Pro.local" name="Memberse.WebAppAutomation.wLoginwithAppleTest" tests="1" failures="0" timestamp="2022-12-01T15:25:53 IST" time="15.646" errors="0">
  <testcase name="wLoginWithAppleTestCase" time="15.646" classname="Memberse.WebAppAutomation.wLoginwithAppleTest"/>
  <system-out/>
</testsuite> <!-- Memberse.WebAppAutomation.wLoginwithAppleTest -->
