<?xml version="1.0" encoding="UTF-8"?>
<!-- Generated by org.testng.reporters.JUnitReportReporter -->
<testsuite hostname="Kamals-MacBook-Pro.local" failures="0" tests="1" name="Memberse.WebAppAutomation.wSignupTest" time="19.206" errors="0" timestamp="2022-08-30T15:06:59 IST" skipped="0">
  <testcase classname="Memberse.WebAppAutomation.wSignupTest" name="wSignupTestCase" time="19.206"/>
  <system-out/>
</testsuite> <!-- Memberse.WebAppAutomation.wSignupTest -->
