<?xml version="1.0" encoding="UTF-8"?>
<!-- Generated by org.testng.reporters.JUnitReportReporter -->
<testsuite skipped="0" hostname="Kamals-MacBook-Pro.local" name="Memberse.WebAppAutomation.wShareCreatorTest" tests="1" failures="0" timestamp="2022-12-13T10:40:52 IST" time="61.215" errors="0">
  <testcase name="ShareCreatorTestCase" time="61.215" classname="Memberse.WebAppAutomation.wShareCreatorTest"/>
  <system-out/>
</testsuite> <!-- Memberse.WebAppAutomation.wShareCreatorTest -->
