<?xml version="1.0" encoding="UTF-8"?>
<!-- Generated by org.testng.reporters.JUnitReportReporter -->
<testsuite skipped="0" hostname="Kamals-MacBook-Pro.local" name="Memberse.WebAppAutomation.wLoginWithGoogleTest" tests="1" failures="0" timestamp="2023-05-24T13:09:08 IST" time="101.354" errors="0">
  <testcase name="wLoginWithGoogleTestCase" time="101.354" classname="Memberse.WebAppAutomation.wLoginWithGoogleTest"/>
  <system-out/>
</testsuite> <!-- Memberse.WebAppAutomation.wLoginWithGoogleTest -->
