<?xml version="1.0" encoding="UTF-8"?>
<!-- Generated by org.testng.reporters.JUnitReportReporter -->
<testsuite skipped="0" hostname="Kamals-MacBook-Pro.local" name="Memberse.WebAppAutomation.wSharePostTest" tests="1" failures="0" timestamp="2022-12-16T15:47:19 IST" time="36.032" errors="0">
  <testcase name="wSharePostTestCase" time="36.032" classname="Memberse.WebAppAutomation.wSharePostTest"/>
  <system-out/>
</testsuite> <!-- Memberse.WebAppAutomation.wSharePostTest -->
