<?xml version="1.0" encoding="UTF-8"?>
<!-- Generated by org.testng.reporters.JUnitReportReporter -->
<testsuite skipped="0" hostname="Kamals-MacBook-Pro.local" name="Memberse.WebAppAutomation.wCommunityPriceTest" tests="1" failures="0" timestamp="2022-12-22T21:13:59 IST" time="30.579" errors="0">
  <testcase name="wCommunityPriceTestCase" time="30.579" classname="Memberse.WebAppAutomation.wCommunityPriceTest"/>
  <system-out/>
</testsuite> <!-- Memberse.WebAppAutomation.wCommunityPriceTest -->
