<?xml version="1.0" encoding="UTF-8"?>
<!-- Generated by org.testng.reporters.JUnitReportReporter -->
<testsuite skipped="0" hostname="Kamals-MacBook-Pro.local" name="Memberse.WebAppAutomation.wShareCommunityTest" tests="1" failures="0" timestamp="2023-03-01T14:47:58 IST" time="58.217" errors="0">
  <testcase name="wShareCommunityTestCase" time="58.217" classname="Memberse.WebAppAutomation.wShareCommunityTest"/>
  <system-out/>
</testsuite> <!-- Memberse.WebAppAutomation.wShareCommunityTest -->
