<?xml version="1.0" encoding="UTF-8"?>
<!-- Generated by org.testng.reporters.JUnitReportReporter -->
<testsuite skipped="0" hostname="Kamals-MacBook-Pro.local" name="Memberse.WebAppAutomation.wCreatePhotoPostTest" tests="2" failures="0" timestamp="2022-12-23T17:10:56 IST" time="106.701" errors="0">
  <testcase name="wCreatePhotoPostTestCase" time="70.572" classname="Memberse.WebAppAutomation.wCreatePhotoPostTest"/>
  <system-out/>
  <testcase name="wCreatePhotoPostTestPaid" time="36.129" classname="Memberse.WebAppAutomation.wCreatePhotoPostTest"/>
  <system-out/>
</testsuite> <!-- Memberse.WebAppAutomation.wCreatePhotoPostTest -->
