<?xml version="1.0" encoding="UTF-8"?>
<!-- Generated by org.testng.reporters.JUnitReportReporter -->
<testsuite skipped="0" hostname="Kamals-MacBook-Pro.local" name="Memberse.WebAppAutomation.wTermsAndConditionsTest" tests="1" failures="0" timestamp="2023-02-09T20:59:46 IST" time="14.388" errors="0">
  <testcase name="wTermsAndConditionsTestCase" time="14.388" classname="Memberse.WebAppAutomation.wTermsAndConditionsTest"/>
  <system-out/>
</testsuite> <!-- Memberse.WebAppAutomation.wTermsAndConditionsTest -->
