<?xml version="1.0" encoding="UTF-8"?>
<!-- Generated by org.testng.reporters.JUnitReportReporter -->
<testsuite hostname="Kamals-MacBook-Pro.local" failures="0" tests="1" name="Memberse.WebAppAutomation.wLaunchMemberseTikTokTest" time="105.932" errors="0" timestamp="2022-10-14T11:05:23 IST" skipped="0">
  <testcase classname="Memberse.WebAppAutomation.wLaunchMemberseTikTokTest" name="wLaunchMemberseTikTokTestCase" time="105.932"/>
  <system-out/>
</testsuite> <!-- Memberse.WebAppAutomation.wLaunchMemberseTikTokTest -->
