<?xml version="1.0" encoding="UTF-8"?>
<!-- Generated by org.testng.reporters.JUnitReportReporter -->
<testsuite skipped="0" hostname="Kamals-MacBook-Pro.local" name="Memberse.WebAppAutomation.wLaunchMemberseLinkedInTest" tests="1" failures="0" timestamp="2022-12-01T16:16:03 IST" time="23.524" errors="0">
  <testcase name="wLaunchMemberseLinkedInTestCase" time="23.524" classname="Memberse.WebAppAutomation.wLaunchMemberseLinkedInTest"/>
  <system-out/>
</testsuite> <!-- Memberse.WebAppAutomation.wLaunchMemberseLinkedInTest -->
