<?xml version="1.0" encoding="UTF-8"?>
<!-- Generated by org.testng.reporters.JUnitReportReporter -->
<testsuite skipped="0" hostname="Kamals-MacBook-Pro.local" name="Memberse.WebAppAutomation.wCommentOnPostTest" tests="1" failures="0" timestamp="2023-05-22T15:04:29 IST" time="71.294" errors="0">
  <testcase name="wCommentOnPostTestCase" time="71.294" classname="Memberse.WebAppAutomation.wCommentOnPostTest"/>
  <system-out/>
</testsuite> <!-- Memberse.WebAppAutomation.wCommentOnPostTest -->
