<?xml version="1.0" encoding="UTF-8"?>
<!-- Generated by org.testng.reporters.JUnitReportReporter -->
<testsuite skipped="0" hostname="Kamals-MacBook-Pro.local" name="Memberse.WebAppAutomation.wReportPostTest" tests="1" failures="0" timestamp="2023-05-22T15:04:29 IST" time="58.137" errors="0">
  <testcase name="wReportPostTestCase" time="58.137" classname="Memberse.WebAppAutomation.wReportPostTest"/>
  <system-out/>
</testsuite> <!-- Memberse.WebAppAutomation.wReportPostTest -->
