<?xml version="1.0" encoding="UTF-8"?>
<!-- Generated by org.testng.reporters.JUnitReportReporter -->
<testsuite skipped="0" hostname="Kamals-MacBook-Pro.local" name="Memberse.WebAppAutomation.wPlaylistEditTest" tests="1" failures="0" timestamp="2022-12-02T14:22:21 IST" time="132.110" errors="0">
  <testcase name="wPlaylistEditTestCase" time="132.110" classname="Memberse.WebAppAutomation.wPlaylistEditTest"/>
  <system-out/>
</testsuite> <!-- Memberse.WebAppAutomation.wPlaylistEditTest -->
