<?xml version="1.0" encoding="UTF-8"?>
<!-- Generated by org.testng.reporters.JUnitReportReporter -->
<testsuite skipped="0" hostname="Kamals-MacBook-Pro.local" name="Memberse.WebAppAutomation.wFollowAndUnfollowCommunityTest" tests="2" failures="0" timestamp="2023-05-08T11:49:22 IST" time="125.319" errors="0">
  <testcase name="wUnfollowCommunityTestCase" time="44.791" classname="Memberse.WebAppAutomation.wFollowAndUnfollowCommunityTest"/>
  <system-out/>
  <testcase name="wFollowCommunityTestCase" time="80.528" classname="Memberse.WebAppAutomation.wFollowAndUnfollowCommunityTest"/>
  <system-out/>
</testsuite> <!-- Memberse.WebAppAutomation.wFollowAndUnfollowCommunityTest -->
