<?xml version="1.0" encoding="UTF-8"?>
<!-- Generated by org.testng.reporters.JUnitReportReporter -->
<testsuite skipped="0" hostname="Kamals-MacBook-Pro.local" name="Memberse.WebAppAutomation.wCreateAndDeletePlaylistTest" tests="1" failures="0" timestamp="2023-03-01T14:47:58 IST" time="63.118" errors="0">
  <testcase name="wCreateAndDeletePlaylistTestCase" time="63.118" classname="Memberse.WebAppAutomation.wCreateAndDeletePlaylistTest"/>
  <system-out/>
</testsuite> <!-- Memberse.WebAppAutomation.wCreateAndDeletePlaylistTest -->
