<?xml version="1.0" encoding="UTF-8"?>
<!-- Generated by org.testng.reporters.JUnitReportReporter -->
<testsuite hostname="Kamals-MacBook-Pro.local" failures="0" tests="1" name="Memberse.WebAppAutomation.wUserInfoTest" time="46.327" errors="0" timestamp="2022-10-18T09:46:37 IST" skipped="0">
  <testcase classname="Memberse.WebAppAutomation.wUserInfoTest" name="wUserInfoTestCase" time="46.327"/>
  <system-out/>
</testsuite> <!-- Memberse.WebAppAutomation.wUserInfoTest -->
