<?xml version="1.0" encoding="UTF-8"?>
<!-- Generated by org.testng.reporters.JUnitReportReporter -->
<testsuite hostname="Kamals-MacBook-Pro.local" failures="0" tests="1" name="Memberse.WebAppAutomation.wCommunityGuidelinesTest" time="17.504" errors="0" timestamp="2022-11-02T19:50:41 IST" skipped="0">
  <testcase classname="Memberse.WebAppAutomation.wCommunityGuidelinesTest" name="wCommunityGuidelinesTestCase" time="17.504"/>
  <system-out/>
</testsuite> <!-- Memberse.WebAppAutomation.wCommunityGuidelinesTest -->
