<?xml version="1.0" encoding="UTF-8"?>
<!-- Generated by org.testng.reporters.JUnitReportReporter -->
<testsuite skipped="0" hostname="Kamals-MacBook-Pro.local" name="Memberse.WebAppAutomation.wLoginWithGoogleTest" tests="1" failures="0" timestamp="2023-01-04T11:44:01 IST" time="28.477" errors="0">
  <testcase name="wLoginWithGoogleTestCase" time="28.477" classname="Memberse.WebAppAutomation.wLoginWithGoogleTest"/>
  <system-out/>
</testsuite> <!-- Memberse.WebAppAutomation.wLoginWithGoogleTest -->
