<?xml version="1.0" encoding="UTF-8"?>
<!-- Generated by org.testng.reporters.JUnitReportReporter -->
<testsuite skipped="0" hostname="Kamals-MacBook-Pro.local" name="Memberse.WebAppAutomation.wLoginFormValidationTest" tests="1" failures="0" timestamp="2022-12-23T12:52:34 IST" time="9.437" errors="0">
  <testcase name="wLoginFormValidationTestCase" time="9.437" classname="Memberse.WebAppAutomation.wLoginFormValidationTest"/>
  <system-out/>
</testsuite> <!-- Memberse.WebAppAutomation.wLoginFormValidationTest -->
