<?xml version="1.0" encoding="UTF-8"?>
<!-- Generated by org.testng.reporters.JUnitReportReporter -->
<testsuite skipped="0" hostname="Kamals-MacBook-Pro.local" name="Memberse.WebAppAutomation.wViewTextPostTest" tests="1" failures="0" timestamp="2022-12-16T11:34:45 IST" time="33.459" errors="0">
  <testcase name="FeedsFilterTestCase" time="33.459" classname="Memberse.WebAppAutomation.wViewTextPostTest"/>
  <system-out/>
</testsuite> <!-- Memberse.WebAppAutomation.wViewTextPostTest -->
