<?xml version="1.0" encoding="UTF-8"?>
<!-- Generated by org.testng.reporters.JUnitReportReporter -->
<testsuite skipped="0" hostname="Kamals-MacBook-Pro.local" name="Memberse.WebAppAutomation.wCreateAudioPostTest" tests="1" failures="0" timestamp="2023-05-22T15:04:29 IST" time="111.604" errors="0">
  <testcase name="wCreatAudioPostTestCase" time="111.604" classname="Memberse.WebAppAutomation.wCreateAudioPostTest"/>
  <system-out/>
</testsuite> <!-- Memberse.WebAppAutomation.wCreateAudioPostTest -->
