<?xml version="1.0" encoding="UTF-8"?>
<!-- Generated by org.testng.reporters.JUnitReportReporter -->
<testsuite skipped="0" hostname="Kamals-MacBook-Pro.local" name="Memberse.WebAppAutomation.wFollowAndUnfollowCommunityTest" tests="2" failures="0" timestamp="2022-12-27T21:56:47 IST" time="94.414" errors="0">
  <testcase name="wUnfollowCommunityTestCase" time="36.765" classname="Memberse.WebAppAutomation.wFollowAndUnfollowCommunityTest"/>
  <system-out/>
  <testcase name="wFollowCommunityTestCase" time="57.649" classname="Memberse.WebAppAutomation.wFollowAndUnfollowCommunityTest"/>
  <system-out/>
</testsuite> <!-- Memberse.WebAppAutomation.wFollowAndUnfollowCommunityTest -->
