<?xml version="1.0" encoding="UTF-8"?>
<!-- Generated by org.testng.reporters.JUnitReportReporter -->
<testsuite hostname="Kamals-MacBook-Pro.local" failures="0" tests="1" name="Memberse.WebAppAutomation.wDeleteAccountTest" time="32.001" errors="0" timestamp="2022-10-05T16:00:14 IST" skipped="0">
  <testcase classname="Memberse.WebAppAutomation.wDeleteAccountTest" name="wDeleteAccountTestCase" time="32.001"/>
  <system-out/>
</testsuite> <!-- Memberse.WebAppAutomation.wDeleteAccountTest -->
