<?xml version="1.0" encoding="UTF-8"?>
<!-- Generated by org.testng.reporters.JUnitReportReporter -->
<testsuite skipped="0" hostname="Kamals-MacBook-Pro.local" name="Memberse.WebAppAutomation.wCreateVideoPostTest" tests="2" failures="0" timestamp="2022-12-23T17:13:20 IST" time="101.775" errors="0">
  <testcase name="wCreatVideoPostTestCase" time="60.409" classname="Memberse.WebAppAutomation.wCreateVideoPostTest"/>
  <system-out/>
  <testcase name="wCreateVideoPostTestPaid" time="41.366" classname="Memberse.WebAppAutomation.wCreateVideoPostTest"/>
  <system-out/>
</testsuite> <!-- Memberse.WebAppAutomation.wCreateVideoPostTest -->
