<?xml version="1.0" encoding="UTF-8"?>
<!-- Generated by org.testng.reporters.JUnitReportReporter -->
<testsuite skipped="0" hostname="Kamals-MacBook-Pro.local" name="Memberse.WebAppAutomation.wCommunityEditInfoTest" tests="1" failures="0" timestamp="2023-05-08T11:49:22 IST" time="39.512" errors="0">
  <testcase name="wCommunityEditInfoTestCase" time="39.512" classname="Memberse.WebAppAutomation.wCommunityEditInfoTest"/>
  <system-out/>
</testsuite> <!-- Memberse.WebAppAutomation.wCommunityEditInfoTest -->
