<?xml version="1.0" encoding="UTF-8"?>
<!-- Generated by org.testng.reporters.JUnitReportReporter -->
<testsuite hostname="Kamals-MacBook-Pro.local" failures="0" tests="1" name="Memberse.WebAppAutomation.wLaunchMemberseTikTokTest" time="20.769" errors="0" timestamp="2022-10-12T13:31:18 IST" skipped="0">
  <testcase classname="Memberse.WebAppAutomation.wLaunchMemberseTikTokTest" name="wLaunchMemberseTikTokTestCase" time="20.769"/>
  <system-out/>
</testsuite> <!-- Memberse.WebAppAutomation.wLaunchMemberseTikTokTest -->
