<?xml version="1.0" encoding="UTF-8"?>
<!-- Generated by org.testng.reporters.JUnitReportReporter -->
<testsuite skipped="0" hostname="Kamals-MacBook-Pro.local" name="Memberse.WebAppAutomation.wCreateAudioPostTest" tests="2" failures="0" timestamp="2022-12-27T15:11:27 IST" time="92.194" errors="0">
  <testcase name="wCreatAudioPostTestCase" time="57.247" classname="Memberse.WebAppAutomation.wCreateAudioPostTest"/>
  <system-out/>
  <testcase name="wCreateAudioPostMembersOnly" time="34.947" classname="Memberse.WebAppAutomation.wCreateAudioPostTest"/>
  <system-out/>
</testsuite> <!-- Memberse.WebAppAutomation.wCreateAudioPostTest -->
