<?xml version="1.0" encoding="UTF-8"?>
<!-- Generated by org.testng.reporters.JUnitReportReporter -->
<testsuite hostname="Kamals-MacBook-Pro.local" failures="0" tests="1" name="Memberse.WebAppAutomation.wSmokeTest" time="17.490" errors="0" timestamp="2022-09-27T09:38:42 IST" skipped="0">
  <testcase classname="Memberse.WebAppAutomation.wSmokeTest" name="wSmokeTestCase" time="17.490"/>
  <system-out/>
</testsuite> <!-- Memberse.WebAppAutomation.wSmokeTest -->
