<?xml version="1.0" encoding="UTF-8"?>
<!-- Generated by org.testng.reporters.JUnitReportReporter -->
<testsuite hostname="Kamals-MacBook-Pro.local" failures="0" tests="1" name="Memberse.WebAppAutomation.wLaunchMemberseLinkedInTest" time="25.341" errors="0" timestamp="2022-10-11T10:49:10 IST" skipped="0">
  <testcase classname="Memberse.WebAppAutomation.wLaunchMemberseLinkedInTest" name="wLaunchMemberseLinkedInTestCase" time="25.341"/>
  <system-out/>
</testsuite> <!-- Memberse.WebAppAutomation.wLaunchMemberseLinkedInTest -->
