<?xml version="1.0" encoding="UTF-8"?>
<!-- Generated by org.testng.reporters.JUnitReportReporter -->
<testsuite skipped="0" hostname="Kamals-MacBook-Pro.local" name="Memberse.WebAppAutomation.wLaunchMemberseFacebookTest" tests="1" failures="0" timestamp="2022-12-22T21:13:59 IST" time="15.683" errors="0">
  <testcase name="wLaunchMemberseFacebookTestCase" time="15.683" classname="Memberse.WebAppAutomation.wLaunchMemberseFacebookTest"/>
  <system-out/>
</testsuite> <!-- Memberse.WebAppAutomation.wLaunchMemberseFacebookTest -->
