<?xml version="1.0" encoding="UTF-8"?>
<!-- Generated by org.testng.reporters.JUnitReportReporter -->
<testsuite hostname="Kamals-MacBook-Pro.local" failures="0" tests="1" name="Memberse.WebAppAutomation.wRegisterFormValidationTest" time="9.680" errors="0" timestamp="2022-10-05T16:26:43 IST" skipped="0">
  <testcase classname="Memberse.WebAppAutomation.wRegisterFormValidationTest" name="wRegisterFormValidationTestCase" time="9.680"/>
  <system-out/>
</testsuite> <!-- Memberse.WebAppAutomation.wRegisterFormValidationTest -->
