<?xml version="1.0" encoding="UTF-8"?>
<!-- Generated by org.testng.reporters.JUnitReportReporter -->
<testsuite skipped="0" hostname="Kamals-MacBook-Pro.local" name="Memberse.WebAppAutomation.wCreateTextPostTest" tests="2" failures="0" timestamp="2022-12-13T12:24:16 IST" time="53.797" errors="0">
  <testcase name="wCreateTextPostTestFree" time="35.294" classname="Memberse.WebAppAutomation.wCreateTextPostTest"/>
  <system-out/>
  <testcase name="wCreateTextPostTestPaid" time="18.503" classname="Memberse.WebAppAutomation.wCreateTextPostTest"/>
  <system-out/>
</testsuite> <!-- Memberse.WebAppAutomation.wCreateTextPostTest -->
