<?xml version="1.0" encoding="UTF-8"?>
<!-- Generated by org.testng.reporters.JUnitReportReporter -->
<testsuite skipped="0" hostname="Kamals-MacBook-Pro.local" name="Memberse.WebAppAutomation.wPlayAudioPostTest" tests="1" failures="0" timestamp="2023-02-21T17:13:24 IST" time="39.606" errors="0">
  <testcase name="wPlayAudioPostTestCase" time="39.606" classname="Memberse.WebAppAutomation.wPlayAudioPostTest"/>
  <system-out/>
</testsuite> <!-- Memberse.WebAppAutomation.wPlayAudioPostTest -->
