<?xml version="1.0" encoding="UTF-8"?>
<!-- Generated by org.testng.reporters.JUnitReportReporter -->
<testsuite hostname="Kamals-MacBook-Pro.local" failures="0" tests="1" name="Memberse.WebAppAutomation.wPostHistoryPlayTest" time="55.070" errors="0" timestamp="2022-11-08T14:45:35 IST" skipped="0">
  <testcase classname="Memberse.WebAppAutomation.wPostHistoryPlayTest" name="wPostHistoryPlayTestCase" time="55.070"/>
  <system-out/>
</testsuite> <!-- Memberse.WebAppAutomation.wPostHistoryPlayTest -->
