<?xml version="1.0" encoding="UTF-8"?>
<!-- Generated by org.testng.reporters.JUnitReportReporter -->
<testsuite skipped="0" hostname="Kamals-MacBook-Pro.local" name="Memberse.WebAppAutomation.wCreatePhotoPostTest" tests="2" failures="0" timestamp="2022-12-27T14:57:10 IST" time="100.322" errors="0">
  <testcase name="wCreatePhotoPostTestCase" time="61.295" classname="Memberse.WebAppAutomation.wCreatePhotoPostTest"/>
  <system-out/>
  <testcase name="wCreatePhotoPostMembersOnly" time="39.027" classname="Memberse.WebAppAutomation.wCreatePhotoPostTest"/>
  <system-out/>
</testsuite> <!-- Memberse.WebAppAutomation.wCreatePhotoPostTest -->
