<?xml version="1.0" encoding="UTF-8"?>
<!-- Generated by org.testng.reporters.JUnitReportReporter -->
<testsuite skipped="0" hostname="Kamals-MacBook-Pro.local" name="Memberse.WebAppAutomation.wCreateAndDeletePlaylistTest" tests="1" failures="0" timestamp="2022-12-02T14:03:38 IST" time="72.176" errors="0">
  <testcase name="wCreateAndDeletePlaylistTestCase" time="72.176" classname="Memberse.WebAppAutomation.wCreateAndDeletePlaylistTest"/>
  <system-out/>
</testsuite> <!-- Memberse.WebAppAutomation.wCreateAndDeletePlaylistTest -->
