<?xml version="1.0" encoding="UTF-8"?>
<!-- Generated by org.testng.reporters.JUnitReportReporter -->
<testsuite skipped="0" hostname="Kamals-MacBook-Pro.local" name="Memberse.WebAppAutomation.wShareCommunityTest" tests="1" failures="0" timestamp="2023-05-08T11:49:22 IST" time="68.124" errors="0">
  <testcase name="wShareCommunityTestCase" time="68.124" classname="Memberse.WebAppAutomation.wShareCommunityTest"/>
  <system-out/>
</testsuite> <!-- Memberse.WebAppAutomation.wShareCommunityTest -->
