<?xml version="1.0" encoding="UTF-8"?>
<!-- Generated by org.testng.reporters.JUnitReportReporter -->
<testsuite skipped="0" hostname="Kamals-MacBook-Pro.local" name="Memberse.WebAppAutomation.wLikePostTest" tests="1" failures="0" timestamp="2023-05-22T15:04:29 IST" time="60.999" errors="0">
  <testcase name="wLikePostTestCase" time="60.999" classname="Memberse.WebAppAutomation.wLikePostTest"/>
  <system-out/>
</testsuite> <!-- Memberse.WebAppAutomation.wLikePostTest -->
