<?xml version="1.0" encoding="UTF-8"?>
<!-- Generated by org.testng.reporters.JUnitReportReporter -->
<testsuite skipped="0" hostname="Kamals-MacBook-Pro.local" name="Memberse.WebAppAutomation.wCommunityEditInfoTest" tests="1" failures="0" timestamp="2023-01-04T11:44:01 IST" time="33.145" errors="0">
  <testcase name="wCommunityEditInfoTestCase" time="33.145" classname="Memberse.WebAppAutomation.wCommunityEditInfoTest"/>
  <system-out/>
</testsuite> <!-- Memberse.WebAppAutomation.wCommunityEditInfoTest -->
