<?xml version="1.0" encoding="UTF-8"?>
<!-- Generated by org.testng.reporters.JUnitReportReporter -->
<testsuite skipped="0" hostname="Kamals-MacBook-Pro.local" name="Memberse.WebAppAutomation.wFollowAndUnfollowCommunityTest" tests="2" failures="0" timestamp="2023-02-20T15:37:17 IST" time="106.671" errors="0">
  <testcase name="wUnfollowCommunityTestCase" time="40.840" classname="Memberse.WebAppAutomation.wFollowAndUnfollowCommunityTest"/>
  <system-out/>
  <testcase name="wFollowCommunityTestCase" time="65.831" classname="Memberse.WebAppAutomation.wFollowAndUnfollowCommunityTest"/>
  <system-out/>
</testsuite> <!-- Memberse.WebAppAutomation.wFollowAndUnfollowCommunityTest -->
