<?xml version="1.0" encoding="UTF-8"?>
<!-- Generated by org.testng.reporters.JUnitReportReporter -->
<testsuite hostname="Kamals-MacBook-Pro.local" failures="0" tests="1" name="Memberse.WebAppAutomation.wLaunchAppStoreTest" time="18.718" errors="0" timestamp="2022-10-07T14:10:57 IST" skipped="0">
  <testcase classname="Memberse.WebAppAutomation.wLaunchAppStoreTest" name="wLaunchAppStoreTestCase" time="18.718"/>
  <system-out/>
</testsuite> <!-- Memberse.WebAppAutomation.wLaunchAppStoreTest -->
