<?xml version="1.0" encoding="UTF-8"?>
<!-- Generated by org.testng.reporters.JUnitReportReporter -->
<testsuite skipped="0" hostname="Kamals-MacBook-Pro.local" name="Memberse.WebAppAutomation.wFollowCreatorTest" tests="2" failures="0" timestamp="2022-12-12T13:24:06 IST" time="123.484" errors="0">
  <testcase name="UnFollowCreatorTestCase" time="47.126" classname="Memberse.WebAppAutomation.wFollowCreatorTest"/>
  <system-out/>
  <testcase name="wFollowCreatorTestCase" time="76.358" classname="Memberse.WebAppAutomation.wFollowCreatorTest"/>
  <system-out/>
</testsuite> <!-- Memberse.WebAppAutomation.wFollowCreatorTest -->
