<?xml version="1.0" encoding="UTF-8"?>
<!-- Generated by org.testng.reporters.JUnitReportReporter -->
<testsuite skipped="0" hostname="Kamals-MacBook-Pro.local" name="Memberse.WebAppAutomation.wCommentOnPlaylistMediaTest" tests="1" failures="0" timestamp="2023-05-08T11:49:22 IST" time="86.050" errors="0">
  <testcase name="wCommentonPlaylistMediaTestCase" time="86.050" classname="Memberse.WebAppAutomation.wCommentOnPlaylistMediaTest"/>
  <system-out/>
</testsuite> <!-- Memberse.WebAppAutomation.wCommentOnPlaylistMediaTest -->
