<?xml version="1.0" encoding="UTF-8"?>
<!-- Generated by org.testng.reporters.JUnitReportReporter -->
<testsuite skipped="0" hostname="Kamals-MacBook-Pro.local" name="Memberse.WebDMonly.FanSendDMTest" tests="1" failures="0" timestamp="2023-07-06T11:30:45 IST" time="212.788" errors="0">
  <testcase name="FanSendDMTestCase" time="212.788" classname="Memberse.WebDMonly.FanSendDMTest"/>
  <system-out/>
</testsuite> <!-- Memberse.WebDMonly.FanSendDMTest -->
