<?xml version="1.0" encoding="UTF-8"?>
<!-- Generated by org.testng.reporters.JUnitReportReporter -->
<testsuite skipped="0" hostname="Kamals-MacBook-Pro.local" name="Memberse.WebAppAutomation.wChangePasswordTest" tests="1" failures="0" timestamp="2023-05-08T11:49:22 IST" time="33.950" errors="0">
  <testcase name="wChangePasswordTestCase" time="33.950" classname="Memberse.WebAppAutomation.wChangePasswordTest"/>
  <system-out/>
</testsuite> <!-- Memberse.WebAppAutomation.wChangePasswordTest -->
