<?xml version="1.0" encoding="UTF-8"?>
<!-- Generated by org.testng.reporters.JUnitReportReporter -->
<testsuite skipped="0" hostname="Kamals-MacBook-Pro.local" name="Memberse.WebAppAutomation.wCreatePhotoPostTest" tests="2" failures="0" timestamp="2022-12-27T21:56:47 IST" time="113.047" errors="0">
  <testcase name="wCreatePhotoPostTestCase" time="72.518" classname="Memberse.WebAppAutomation.wCreatePhotoPostTest"/>
  <system-out/>
  <testcase name="wCreatePhotoPostMembersOnly" time="40.529" classname="Memberse.WebAppAutomation.wCreatePhotoPostTest"/>
  <system-out/>
</testsuite> <!-- Memberse.WebAppAutomation.wCreatePhotoPostTest -->
