<?xml version="1.0" encoding="UTF-8"?>
<!-- Generated by org.testng.reporters.JUnitReportReporter -->
<testsuite skipped="0" hostname="Kamals-MacBook-Pro.local" name="Memberse.WebAppAutomation.wChangePasswordTest" tests="1" failures="0" timestamp="2022-12-02T12:40:38 IST" time="25.962" errors="0">
  <testcase name="wChangePasswordTestCase" time="25.962" classname="Memberse.WebAppAutomation.wChangePasswordTest"/>
  <system-out/>
</testsuite> <!-- Memberse.WebAppAutomation.wChangePasswordTest -->
