<?xml version="1.0" encoding="UTF-8"?>
<!-- Generated by org.testng.reporters.JUnitReportReporter -->
<testsuite skipped="0" hostname="Kamals-MacBook-Pro.local" name="Memberse.WebAppAutomation.wLoginWithFacebookTest" tests="1" failures="0" timestamp="2023-07-04T12:23:41 IST" time="116.264" errors="0">
  <testcase name="wLoginWithFacebookTestCase" time="116.264" classname="Memberse.WebAppAutomation.wLoginWithFacebookTest"/>
  <system-out/>
</testsuite> <!-- Memberse.WebAppAutomation.wLoginWithFacebookTest -->
