<?xml version="1.0" encoding="UTF-8"?>
<!-- Generated by org.testng.reporters.JUnitReportReporter -->
<testsuite hostname="Kamals-MacBook-Pro.local" failures="0" tests="1" name="Memberse.WebAppAutomation.wCreatorEditInfoTest" time="39.727" errors="0" timestamp="2022-11-07T18:13:15 IST" skipped="0">
  <testcase classname="Memberse.WebAppAutomation.wCreatorEditInfoTest" name="wCreatorEditInfoTestCase" time="39.727"/>
  <system-out/>
</testsuite> <!-- Memberse.WebAppAutomation.wCreatorEditInfoTest -->
