<?xml version="1.0" encoding="UTF-8"?>
<!-- Generated by org.testng.reporters.JUnitReportReporter -->
<testsuite hostname="Kamals-MacBook-Pro.local" failures="0" tests="1" name="Memberse.WebAppAutomation.wLaunchMemberseTikTokTest" time="25.306" errors="0" timestamp="2022-10-11T11:01:57 IST" skipped="0">
  <testcase classname="Memberse.WebAppAutomation.wLaunchMemberseTikTokTest" name="wLaunchMemberseTikTokTestCase" time="25.306"/>
  <system-out/>
</testsuite> <!-- Memberse.WebAppAutomation.wLaunchMemberseTikTokTest -->
