<?xml version="1.0" encoding="UTF-8"?>
<!-- Generated by org.testng.reporters.JUnitReportReporter -->
<testsuite skipped="0" hostname="Kamals-MacBook-Pro.local" name="Memberse.WebAppAutomation.wDeleteAccountTest" tests="1" failures="0" timestamp="2022-12-01T15:57:10 IST" time="48.036" errors="0">
  <testcase name="wDeleteAccountTestCase" time="48.036" classname="Memberse.WebAppAutomation.wDeleteAccountTest"/>
  <system-out/>
</testsuite> <!-- Memberse.WebAppAutomation.wDeleteAccountTest -->
