<?xml version="1.0" encoding="UTF-8"?>
<!-- Generated by org.testng.reporters.JUnitReportReporter -->
<testsuite skipped="0" hostname="Kamals-MacBook-Pro.local" name="Memberse.WebAppAutomation.wForgotPasswordTest" tests="1" failures="0" timestamp="2023-05-25T20:36:49 IST" time="26.768" errors="0">
  <testcase name="wSignupTestCase" time="26.768" classname="Memberse.WebAppAutomation.wForgotPasswordTest"/>
  <system-out/>
</testsuite> <!-- Memberse.WebAppAutomation.wForgotPasswordTest -->
