<?xml version="1.0" encoding="UTF-8"?>
<!-- Generated by org.testng.reporters.JUnitReportReporter -->
<testsuite hostname="Kamals-MacBook-Pro.local" failures="0" tests="1" name="Memberse.WebAppAutomation.wMyFansListTest" time="41.738" errors="0" timestamp="2022-11-09T10:34:34 IST" skipped="0">
  <testcase classname="Memberse.WebAppAutomation.wMyFansListTest" name="wMyFansListTestCase" time="41.738"/>
  <system-out/>
</testsuite> <!-- Memberse.WebAppAutomation.wMyFansListTest -->
