<?xml version="1.0" encoding="UTF-8"?>
<!-- Generated by org.testng.reporters.JUnitReportReporter -->
<testsuite skipped="0" hostname="Kamals-MacBook-Pro.local" name="Memberse.WebAppAutomation.wPrivacyPolicyTest" tests="1" failures="0" timestamp="2022-12-26T21:11:18 IST" time="12.176" errors="0">
  <testcase name="wPrivacyPolicyTestCase" time="12.176" classname="Memberse.WebAppAutomation.wPrivacyPolicyTest"/>
  <system-out/>
</testsuite> <!-- Memberse.WebAppAutomation.wPrivacyPolicyTest -->
