<?xml version="1.0" encoding="UTF-8"?>
<!-- Generated by org.testng.reporters.JUnitReportReporter -->
<testsuite hostname="Kamals-MacBook-Pro.local" failures="0" tests="1" name="Memberse.WebAppAutomation.wSignupTest" time="12.075" errors="0" timestamp="2022-10-07T13:02:46 IST" skipped="0">
  <testcase classname="Memberse.WebAppAutomation.wSignupTest" name="wSignupTestCase" time="12.075"/>
  <system-out/>
</testsuite> <!-- Memberse.WebAppAutomation.wSignupTest -->
