<?xml version="1.0" encoding="UTF-8"?>
<!-- Generated by org.testng.reporters.JUnitReportReporter -->
<testsuite skipped="0" hostname="Kamals-MacBook-Pro.local" name="Memberse.WebAppAutomation.wLaunchAppStoreTest" tests="1" failures="0" timestamp="2022-12-27T21:56:47 IST" time="25.173" errors="0">
  <testcase name="wLaunchAppStoreTestCase" time="25.173" classname="Memberse.WebAppAutomation.wLaunchAppStoreTest"/>
  <system-out/>
</testsuite> <!-- Memberse.WebAppAutomation.wLaunchAppStoreTest -->
