<?xml version="1.0" encoding="UTF-8"?>
<!-- Generated by org.testng.reporters.JUnitReportReporter -->
<testsuite skipped="0" hostname="Kamals-MacBook-Pro.local" name="Memberse.WebAppAutomation.wWatchedHistoryTest" tests="1" failures="0" timestamp="2022-12-02T12:36:59 IST" time="36.605" errors="0">
  <testcase name="wWatchedHistoryTestCase" time="36.605" classname="Memberse.WebAppAutomation.wWatchedHistoryTest"/>
  <system-out/>
</testsuite> <!-- Memberse.WebAppAutomation.wWatchedHistoryTest -->
