<?xml version="1.0" encoding="UTF-8"?>
<!-- Generated by org.testng.reporters.JUnitReportReporter -->
<testsuite hostname="Kamals-MacBook-Pro.local" failures="0" tests="1" name="Memberse.WebAppAutomation.wLaunchAppStoreTest" time="20.348" errors="0" timestamp="2022-10-07T10:36:35 IST" skipped="0">
  <testcase classname="Memberse.WebAppAutomation.wLaunchAppStoreTest" name="wLaunchAppStoreTestCase" time="20.348"/>
  <system-out/>
</testsuite> <!-- Memberse.WebAppAutomation.wLaunchAppStoreTest -->
