<?xml version="1.0" encoding="UTF-8"?>
<!-- Generated by org.testng.reporters.JUnitReportReporter -->
<testsuite skipped="0" hostname="Kamals-MacBook-Pro.local" name="Memberse.WebAppAutomation.wCreateTextPostTest" tests="2" failures="0" timestamp="2022-12-27T21:56:47 IST" time="60.156" errors="0">
  <testcase name="wCreateTextPostTestCase" time="37.044" classname="Memberse.WebAppAutomation.wCreateTextPostTest"/>
  <system-out/>
  <testcase name="wCreateTextPostMembersOnly" time="23.112" classname="Memberse.WebAppAutomation.wCreateTextPostTest"/>
  <system-out/>
</testsuite> <!-- Memberse.WebAppAutomation.wCreateTextPostTest -->
