<?xml version="1.0" encoding="UTF-8"?>
<!-- Generated by org.testng.reporters.JUnitReportReporter -->
<testsuite hostname="Kamals-MacBook-Pro.local" failures="0" tests="1" name="Memberse.WebAppAutomation.wRegisterFormValidationTest" time="28.054" errors="0" timestamp="2022-11-18T13:29:47 IST" skipped="0">
  <testcase classname="Memberse.WebAppAutomation.wRegisterFormValidationTest" name="wRegisterFormValidationTestCase" time="28.054"/>
  <system-out/>
</testsuite> <!-- Memberse.WebAppAutomation.wRegisterFormValidationTest -->
