<?xml version="1.0" encoding="UTF-8"?>
<!-- Generated by org.testng.reporters.JUnitReportReporter -->
<testsuite skipped="0" hostname="Kamals-MacBook-Pro.local" name="Memberse.WebAppAutomation.wPostHistoryPlayTest" tests="1" failures="0" timestamp="2022-12-02T13:32:28 IST" time="46.879" errors="0">
  <testcase name="wPostHistoryPlayTestCase" time="46.879" classname="Memberse.WebAppAutomation.wPostHistoryPlayTest"/>
  <system-out/>
</testsuite> <!-- Memberse.WebAppAutomation.wPostHistoryPlayTest -->
