<?xml version="1.0" encoding="UTF-8"?>
<!-- Generated by org.testng.reporters.JUnitReportReporter -->
<testsuite skipped="0" hostname="Kamals-MacBook-Pro.local" name="Memberse.WebAppAutomation.wRegisterFormValidationTest" tests="1" failures="0" timestamp="2022-12-01T14:26:40 IST" time="15.460" errors="0">
  <testcase name="wRegisterFormValidationTestCase" time="15.460" classname="Memberse.WebAppAutomation.wRegisterFormValidationTest"/>
  <system-out/>
</testsuite> <!-- Memberse.WebAppAutomation.wRegisterFormValidationTest -->
