<?xml version="1.0" encoding="UTF-8"?>
<!-- Generated by org.testng.reporters.JUnitReportReporter -->
<testsuite skipped="0" hostname="Kamals-MacBook-Pro.local" name="Memberse.WebAppAutomation.wFanSendDMTest" tests="2" failures="0" timestamp="2023-03-22T12:02:54 IST" time="188.543" errors="0">
  <testcase name="wFanSendDMTestCase" time="142.278" classname="Memberse.WebAppAutomation.wFanSendDMTest"/>
  <system-out/>
  <testcase name="wCreatorRepliedDMTestCase" time="46.265" classname="Memberse.WebAppAutomation.wFanSendDMTest"/>
  <system-out/>
</testsuite> <!-- Memberse.WebAppAutomation.wFanSendDMTest -->
