<?xml version="1.0" encoding="UTF-8"?>
<!-- Generated by org.testng.reporters.JUnitReportReporter -->
<testsuite skipped="0" hostname="Kamals-MacBook-Pro.local" name="Memberse.WebDMonly.CreatorReplyDMTest" tests="1" failures="0" timestamp="2023-07-06T11:30:45 IST" time="56.877" errors="0">
  <testcase name="CreatorReplyDMTestCase" time="56.877" classname="Memberse.WebDMonly.CreatorReplyDMTest"/>
  <system-out/>
</testsuite> <!-- Memberse.WebDMonly.CreatorReplyDMTest -->
