<?xml version="1.0" encoding="UTF-8"?>
<!-- Generated by org.testng.reporters.JUnitReportReporter -->
<testsuite skipped="0" hostname="Kamals-MacBook-Pro.local" name="Memberse.WebAppAutomation.wCreateAndDeletePlaylistTest" tests="1" failures="0" timestamp="2023-05-08T11:49:22 IST" time="65.264" errors="0">
  <testcase name="wCreateAndDeletePlaylistTestCase" time="65.264" classname="Memberse.WebAppAutomation.wCreateAndDeletePlaylistTest"/>
  <system-out/>
</testsuite> <!-- Memberse.WebAppAutomation.wCreateAndDeletePlaylistTest -->
