<?xml version="1.0" encoding="UTF-8"?>
<!-- Generated by org.testng.reporters.JUnitReportReporter -->
<testsuite skipped="0" hostname="Kamals-MacBook-Pro.local" name="Memberse.WebAppAutomation.wFanSendDM" tests="1" failures="0" timestamp="2023-03-20T16:52:35 IST" time="124.549" errors="0">
  <testcase name="wDonationTestCase" time="124.549" classname="Memberse.WebAppAutomation.wFanSendDM"/>
  <system-out/>
</testsuite> <!-- Memberse.WebAppAutomation.wFanSendDM -->
