<?xml version="1.0" encoding="UTF-8"?>
<!-- Generated by org.testng.reporters.JUnitReportReporter -->
<testsuite skipped="0" hostname="Kamals-MacBook-Pro.local" name="Memberse.WebAppAutomation.wFollowAndUnfollowCommunityTest" tests="2" failures="0" timestamp="2023-01-04T11:44:01 IST" time="99.358" errors="0">
  <testcase name="wUnfollowCommunityTestCase" time="38.283" classname="Memberse.WebAppAutomation.wFollowAndUnfollowCommunityTest"/>
  <system-out/>
  <testcase name="wFollowCommunityTestCase" time="61.075" classname="Memberse.WebAppAutomation.wFollowAndUnfollowCommunityTest"/>
  <system-out/>
</testsuite> <!-- Memberse.WebAppAutomation.wFollowAndUnfollowCommunityTest -->
