<?xml version="1.0" encoding="UTF-8"?>
<!-- Generated by org.testng.reporters.JUnitReportReporter -->
<testsuite skipped="0" hostname="Kamals-MacBook-Pro.local" name="Memberse.WebAppAutomation.wRegisterFormValidationTest" tests="1" failures="0" timestamp="2022-12-20T16:21:53 IST" time="11.546" errors="0">
  <testcase name="wRegisterFormValidationTestCase" time="11.546" classname="Memberse.WebAppAutomation.wRegisterFormValidationTest"/>
  <system-out/>
</testsuite> <!-- Memberse.WebAppAutomation.wRegisterFormValidationTest -->
