<?xml version="1.0" encoding="UTF-8"?>
<!-- Generated by org.testng.reporters.JUnitReportReporter -->
<testsuite hostname="Kamals-MacBook-Pro.local" failures="0" tests="1" name="Memberse.WebAppAutomation.wAddMediaAndPlayPlaylistTest" time="162.560" errors="0" timestamp="2022-11-10T11:50:01 IST" skipped="0">
  <testcase classname="Memberse.WebAppAutomation.wAddMediaAndPlayPlaylistTest" name="wAddMediaAndPlayPlaylistTestCase" time="162.560"/>
  <system-out/>
</testsuite> <!-- Memberse.WebAppAutomation.wAddMediaAndPlayPlaylistTest -->
