<?xml version="1.0" encoding="UTF-8"?>
<!-- Generated by org.testng.reporters.JUnitReportReporter -->
<testsuite skipped="0" hostname="Kamals-MacBook-Pro.local" name="Memberse.WebAppAutomation.wCreatorEditInfoTest" tests="1" failures="0" timestamp="2022-12-02T12:57:42 IST" time="31.008" errors="0">
  <testcase name="wCreatorEditInfoTestCase" time="31.008" classname="Memberse.WebAppAutomation.wCreatorEditInfoTest"/>
  <system-out/>
</testsuite> <!-- Memberse.WebAppAutomation.wCreatorEditInfoTest -->
