<?xml version="1.0" encoding="UTF-8"?>
<!-- Generated by org.testng.reporters.JUnitReportReporter -->
<testsuite hostname="Kamals-MacBook-Pro.local" failures="0" tests="1" name="Memberse.WebAppAutomation.wWatchedHistoryTest" time="53.129" errors="0" timestamp="2022-10-26T18:43:54 IST" skipped="0">
  <testcase classname="Memberse.WebAppAutomation.wWatchedHistoryTest" name="wWatchedHistoryTestCase" time="53.129"/>
  <system-out/>
</testsuite> <!-- Memberse.WebAppAutomation.wWatchedHistoryTest -->
