<?xml version="1.0" encoding="UTF-8"?>
<!-- Generated by org.testng.reporters.JUnitReportReporter -->
<testsuite hostname="Kamals-MacBook-Pro.local" failures="0" tests="1" name="Memberse.WebAppAutomation.wSmokeTest" time="18.396" errors="0" timestamp="2022-09-23T13:16:28 IST" skipped="0">
  <testcase classname="Memberse.WebAppAutomation.wSmokeTest" name="wSmokeTestCase" time="18.396"/>
  <system-out/>
</testsuite> <!-- Memberse.WebAppAutomation.wSmokeTest -->
