<?xml version="1.0" encoding="UTF-8"?>
<!-- Generated by org.testng.reporters.JUnitReportReporter -->
<testsuite skipped="0" hostname="Kamals-MacBook-Pro.local" name="Memberse.WebAppAutomation.SampleTest" tests="1" failures="0" timestamp="2022-08-31T16:10:37 IST" time="13.701" errors="0">
  <testcase name="SampleTestCase" time="13.701" classname="Memberse.WebAppAutomation.SampleTest"/>
  <system-out/>
</testsuite> <!-- Memberse.WebAppAutomation.SampleTest -->
