<?xml version="1.0" encoding="UTF-8"?>
<!-- Generated by org.testng.reporters.JUnitReportReporter -->
<testsuite skipped="0" hostname="Kamals-MacBook-Pro.local" name="Memberse.WebAppAutomation.wSignupTest" tests="1" failures="0" timestamp="2022-08-31T10:55:35 IST" time="11.782" errors="0">
  <testcase name="wSignupTestCase" time="11.782" classname="Memberse.WebAppAutomation.wSignupTest"/>
  <system-out/>
</testsuite> <!-- Memberse.WebAppAutomation.wSignupTest -->
