<?xml version="1.0" encoding="UTF-8"?>
<!-- Generated by org.testng.reporters.JUnitReportReporter -->
<testsuite skipped="0" hostname="Kamals-MacBook-Pro.local" name="Memberse.WebAppAutomation.wLogintTest" tests="1" failures="0" timestamp="2022-08-31T10:55:35 IST" time="16.061" errors="0">
  <testcase name="wLogintTestCase" time="16.061" classname="Memberse.WebAppAutomation.wLogintTest"/>
  <system-out/>
</testsuite> <!-- Memberse.WebAppAutomation.wLogintTest -->
